2019-02-26 06:13:06 +0000 [MT] Initial pipeline context: <IDEDistributionProcessingPipelineContext: 0x7f8aca6aef20; archive(resolved)='<IDEArchive: 0x7f8aca66e080>', distributionTask(resolved)='2', distributionDestination(resolved)='1', distributionMethod(resolved)='<IDEDistributionMethodAdHoc: 0x7f8aca3c8780>', team(resolved)='<IDEProvisioningBasicTeam: 0x7f8aca6a9aa0; teamID='QBGWY3DAPC', teamName='Zeal Capital Market (UK) Limited'>'>
	Chain (11, self inclusive):
	<IDEDistributionProcessingPipelineContext: 0x7f8aca6aef20; archive = '<IDEArchive: 0x7f8aca66e080>', distributionMethod='<IDEDistributionMethodAdHoc: 0x7f8aca3c8780>', team='<IDEProvisioningBasicTeam: 0x7f8aca6a9aa0; teamID='QBGWY3DAPC', teamName='Zeal Capital Market (UK) Limited'>'>
	<IDEDistributionProcessingPipelineContext: 0x7f8aca69f7b0; archive = '<IDEArchive: 0x7f8aca66e080>', distributionMethod='<IDEDistributionMethodAdHoc: 0x7f8aca3c8780>', team='<IDEProvisioningBasicTeam: 0x7f8aca6a9aa0; teamID='QBGWY3DAPC', teamName='Zeal Capital Market (UK) Limited'>'>
	<IDEDistributionContext: 0x7f8aca6b78a0; archive = '<IDEArchive: 0x7f8aca66e080>', distributionMethod='<IDEDistributionMethodAdHoc: 0x7f8aca3c8780>', team='<IDEProvisioningBasicTeam: 0x7f8aca6a9aa0; teamID='QBGWY3DAPC', teamName='Zeal Capital Market (UK) Limited'>'>
	<IDEDistributionContext: 0x7f8aca6acab0; archive = '<IDEArchive: 0x7f8aca66e080>', distributionMethod='<IDEDistributionMethodAdHoc: 0x7f8aca3c8780>', team='<IDEProvisioningBasicTeam: 0x7f8aca6a9aa0; teamID='QBGWY3DAPC', teamName='Zeal Capital Market (UK) Limited'>'>
	<IDEDistributionContext: 0x7f8aca832e80; archive = '<IDEArchive: 0x7f8aca66e080>', distributionMethod='<IDEDistributionMethodAdHoc: 0x7f8aca3c8780>', team='<IDEProvisioningBasicTeam: 0x7f8aca6a9aa0; teamID='QBGWY3DAPC', teamName='Zeal Capital Market (UK) Limited'>'>
	<IDEDistributionContext: 0x7f8aca83bfb0; archive = '<IDEArchive: 0x7f8aca66e080>', distributionMethod='<IDEDistributionMethodAdHoc: 0x7f8aca3c8780>', team='<IDEProvisioningBasicTeam: 0x7f8aca6a9aa0; teamID='QBGWY3DAPC', teamName='Zeal Capital Market (UK) Limited'>'>
	<IDEDistributionContext: 0x7f8aca838b90; archive = '<IDEArchive: 0x7f8aca66e080>', distributionMethod='<IDEDistributionMethodAdHoc: 0x7f8aca3c8780>', team='<IDEProvisioningBasicTeam: 0x7f8aca6a9aa0; teamID='QBGWY3DAPC', teamName='Zeal Capital Market (UK) Limited'>'>
	<IDEDistributionContext: 0x7f8aca830780; archive = '<IDEArchive: 0x7f8aca66e080>', distributionMethod='<IDEDistributionMethodAdHoc: 0x7f8aca3c8780>', team='<IDEProvisioningBasicTeam: 0x7f8aca6a9aa0; teamID='QBGWY3DAPC', teamName='Zeal Capital Market (UK) Limited'>'>
	<IDEDistributionContext: 0x7f8aca3d3ef0; archive = '<IDEArchive: 0x7f8aca66e080>', distributionMethod='<IDEDistributionMethodAdHoc: 0x7f8aca3c8780>', team='<IDEProvisioningBasicTeam: 0x7f8aca6a9aa0; teamID='QBGWY3DAPC', teamName='Zeal Capital Market (UK) Limited'>'>
	<IDEDistributionContext: 0x7f8aca672580; archive = '<IDEArchive: 0x7f8aca66e080>', distributionMethod='<IDEDistributionMethodAdHoc: 0x7f8aca3c8780>', team='(null)'>
	<IDEDistributionContext: 0x7f8aca71a7a0; archive = '<IDEArchive: 0x7f8aca66e080>', distributionMethod='(null)', team='(null)'>
</IDEDistributionProcessingPipelineContext: 0x7f8aca6aef20>
2019-02-26 06:13:06 +0000 [MT] Processing step: IDEDistributionCreateDestRootStep
2019-02-26 06:13:06 +0000 [MT] Processing step: IDEDistributionCopyItemStep
2019-02-26 06:13:06 +0000 [MT] Running /usr/bin/ditto '-V' '/Users/liuxiang/Desktop/WaiHui/build/WaiHui.xcarchive/Products/Applications/WaiHui.app' '/var/folders/65/1p0hqpx97v51zd24hx2lh0pm0000gn/T/XcodeDistPipeline.KXh/Root/Payload/WaiHui.app'
2019-02-26 06:13:06 +0000  >>> Copying /Users/liuxiang/Desktop/WaiHui/build/WaiHui.xcarchive/Products/Applications/WaiHui.app 
2019-02-26 06:13:06 +0000  
2019-02-26 06:13:06 +0000  copying file ./PriceCell.nib ... 
2019-02-26 06:13:06 +0000  2982 bytes for ./PriceCell.nib
2019-02-26 06:13:06 +0000  copying file ./_CodeSignature/CodeResources ... 
2019-02-26 06:13:06 +0000  67126 bytes for ./_CodeSignature/CodeResources
2019-02-26 06:13:06 +0000  copying file ./ContractualattributesVC.nib/objects-11.0+.nib ... 
2019-02-26 06:13:06 +0000  4284 bytes for ./ContractualattributesVC.nib/objects-11.0+.nib
2019-02-26 06:13:06 +0000  copying file ./ContractualattributesVC.nib/runtime.nib ... 
2019-02-26 06:13:06 +0000  3495 bytes for ./ContractualattributesVC.nib/runtime.nib
2019-02-26 06:13:06 +0000  copying file ./PersonalVC.nib/objects-11.0+.nib ... 
2019-02-26 06:13:06 +0000  5845 bytes for ./PersonalVC.nib/objects-11.0+.nib
2019-02-26 06:13:06 +0000  copying file ./PersonalVC.nib/runtime.nib ... 
2019-02-26 06:13:06 +0000  5039 bytes for ./PersonalVC.nib/runtime.nib
2019-02-26 06:13:06 +0000  copying file ./MarketpriceVC.nib/objects-11.0+.nib ... 
2019-02-26 06:13:06 +0000  9806 bytes for ./MarketpriceVC.nib/objects-11.0+.nib
2019-02-26 06:13:06 +0000  copying file ./MarketpriceVC.nib/runtime.nib ... 
2019-02-26 06:13:06 +0000  8780 bytes for ./MarketpriceVC.nib/runtime.nib
2019-02-26 06:13:06 +0000  copying file ./PriceTwoCell.nib ... 
2019-02-26 06:13:06 +0000  3555 bytes for ./PriceTwoCell.nib
2019-02-26 06:13:06 +0000  copying file ./ClosePositionVC.nib/objects-11.0+.nib ... 
2019-02-26 06:13:06 +0000  6924 bytes for ./ClosePositionVC.nib/objects-11.0+.nib
2019-02-26 06:13:06 +0000  copying file ./ClosePositionVC.nib/runtime.nib ... 
2019-02-26 06:13:06 +0000  6132 bytes for ./ClosePositionVC.nib/runtime.nib
2019-02-26 06:13:06 +0000  copying file ./AppIcon20x20@2x.png ... 
2019-02-26 06:13:06 +0000  1274 bytes for ./AppIcon20x20@2x.png
2019-02-26 06:13:06 +0000  copying file ./CheckpriceVC.nib/objects-11.0+.nib ... 
2019-02-26 06:13:06 +0000  9805 bytes for ./CheckpriceVC.nib/objects-11.0+.nib
2019-02-26 06:13:06 +0000  copying file ./CheckpriceVC.nib/runtime.nib ... 
2019-02-26 06:13:06 +0000  8781 bytes for ./CheckpriceVC.nib/runtime.nib
2019-02-26 06:13:06 +0000  copying file ./ForgetPwEmailNextVC.nib/objects-11.0+.nib ... 
2019-02-26 06:13:06 +0000  8136 bytes for ./ForgetPwEmailNextVC.nib/objects-11.0+.nib
2019-02-26 06:13:06 +0000  copying file ./ForgetPwEmailNextVC.nib/runtime.nib ... 
2019-02-26 06:13:06 +0000  7462 bytes for ./ForgetPwEmailNextVC.nib/runtime.nib
2019-02-26 06:13:06 +0000  copying file ./OpenSimulationCell.nib ... 
2019-02-26 06:13:06 +0000  5608 bytes for ./OpenSimulationCell.nib
2019-02-26 06:13:06 +0000  copying file ./StartPwCell.nib ... 
2019-02-26 06:13:06 +0000  4483 bytes for ./StartPwCell.nib
2019-02-26 06:13:06 +0000  copying file ./CashOutVC.nib/objects-11.0+.nib ... 
2019-02-26 06:13:06 +0000  4516 bytes for ./CashOutVC.nib/objects-11.0+.nib
2019-02-26 06:13:06 +0000  copying file ./CashOutVC.nib/runtime.nib ... 
2019-02-26 06:13:06 +0000  3733 bytes for ./CashOutVC.nib/runtime.nib
copying file ./SellVC.nib ... 
2019-02-26 06:13:06 +0000  3836 bytes for ./SellVC.nib
2019-02-26 06:13:06 +0000  copying file ./AccountMoreVC.nib/objects-11.0+.nib ... 
2019-02-26 06:13:06 +0000  2727 bytes for ./AccountMoreVC.nib/objects-11.0+.nib
2019-02-26 06:13:06 +0000  copying file ./AccountMoreVC.nib/runtime.nib ... 
2019-02-26 06:13:06 +0000  2201 bytes for ./AccountMoreVC.nib/runtime.nib
copying file ./CashListCell.nib ... 
2019-02-26 06:13:06 +0000  4660 bytes for ./CashListCell.nib
copying file ./SeletedCell.nib ... 
2019-02-26 06:13:06 +0000  3639 bytes for ./SeletedCell.nib
2019-02-26 06:13:06 +0000  copying file ./ResetPWVC.nib/objects-11.0+.nib ... 
2019-02-26 06:13:06 +0000  4474 bytes for ./ResetPWVC.nib/objects-11.0+.nib
2019-02-26 06:13:06 +0000  copying file ./ResetPWVC.nib/runtime.nib ... 
2019-02-26 06:13:06 +0000  3687 bytes for ./ResetPWVC.nib/runtime.nib
2019-02-26 06:13:06 +0000  copying file ./SeletedAlert.nib/objects-11.0+.nib ... 
2019-02-26 06:13:06 +0000  3422 bytes for ./SeletedAlert.nib/objects-11.0+.nib
2019-02-26 06:13:06 +0000  copying file ./SeletedAlert.nib/runtime.nib ... 
2019-02-26 06:13:06 +0000  2765 bytes for ./SeletedAlert.nib/runtime.nib
copying file ./AppIcon20x20@3x.png ... 
2019-02-26 06:13:06 +0000  1713 bytes for ./AppIcon20x20@3x.png
2019-02-26 06:13:06 +0000  copying file ./TableViewAlert.nib/objects-11.0+.nib ... 
2019-02-26 06:13:06 +0000  4125 bytes for ./TableViewAlert.nib/objects-11.0+.nib
2019-02-26 06:13:06 +0000  copying file ./TableViewAlert.nib/runtime.nib ... 
2019-02-26 06:13:06 +0000  3589 bytes for ./TableViewAlert.nib/runtime.nib
2019-02-26 06:13:06 +0000  copying file ./BindEmailVC.nib/objects-11.0+.nib ... 
2019-02-26 06:13:06 +0000  4468 bytes for ./BindEmailVC.nib/objects-11.0+.nib
copying file ./BindEmailVC.nib/runtime.nib ... 
2019-02-26 06:13:06 +0000  3690 bytes for ./BindEmailVC.nib/runtime.nib
2019-02-26 06:13:06 +0000  copying file ./SimulationCell.nib ... 
2019-02-26 06:13:06 +0000  9061 bytes for ./SimulationCell.nib
2019-02-26 06:13:06 +0000  copying file ./BindPhoneVC.nib/objects-11.0+.nib ... 
2019-02-26 06:13:06 +0000  4469 bytes for ./BindPhoneVC.nib/objects-11.0+.nib
2019-02-26 06:13:06 +0000  copying file ./BindPhoneVC.nib/runtime.nib ... 
2019-02-26 06:13:06 +0000  3682 bytes for ./BindPhoneVC.nib/runtime.nib
2019-02-26 06:13:06 +0000  copying file ./LeverAdjustmentVC.nib/objects-11.0+.nib ... 
2019-02-26 06:13:06 +0000  2727 bytes for ./LeverAdjustmentVC.nib/objects-11.0+.nib
2019-02-26 06:13:06 +0000  copying file ./LeverAdjustmentVC.nib/runtime.nib ... 
2019-02-26 06:13:06 +0000  2203 bytes for ./LeverAdjustmentVC.nib/runtime.nib
2019-02-26 06:13:06 +0000  copying file ./ForgetPWPhoneVC.nib/objects-11.0+.nib ... 
2019-02-26 06:13:06 +0000  7835 bytes for ./ForgetPWPhoneVC.nib/objects-11.0+.nib
2019-02-26 06:13:06 +0000  copying file ./ForgetPWPhoneVC.nib/runtime.nib ... 
2019-02-26 06:13:06 +0000  7160 bytes for ./ForgetPWPhoneVC.nib/runtime.nib
2019-02-26 06:13:06 +0000  copying file ./ForgetPWEmailVC.nib/objects-11.0+.nib ... 
2019-02-26 06:13:06 +0000  7718 bytes for ./ForgetPWEmailVC.nib/objects-11.0+.nib
2019-02-26 06:13:06 +0000  copying file ./ForgetPWEmailVC.nib/runtime.nib ... 
2019-02-26 06:13:06 +0000  7056 bytes for ./ForgetPWEmailVC.nib/runtime.nib
2019-02-26 06:13:06 +0000  copying file ./SetVC.nib/objects-11.0+.nib ... 
2019-02-26 06:13:06 +0000  4528 bytes for ./SetVC.nib/objects-11.0+.nib
2019-02-26 06:13:06 +0000  copying file ./SetVC.nib/runtime.nib ... 
2019-02-26 06:13:06 +0000  3746 bytes for ./SetVC.nib/runtime.nib
2019-02-26 06:13:06 +0000  copying file ./DetailQuotationVC.nib/objects-11.0+.nib ... 
2019-02-26 06:13:06 +0000  6320 bytes for ./DetailQuotationVC.nib/objects-11.0+.nib
copying file ./DetailQuotationVC.nib/runtime.nib ... 
2019-02-26 06:13:06 +0000  5629 bytes for ./DetailQuotationVC.nib/runtime.nib
2019-02-26 06:13:06 +0000  copying file ./ContactUsVC.nib/objects-11.0+.nib ... 
2019-02-26 06:13:06 +0000  2729 bytes for ./ContactUsVC.nib/objects-11.0+.nib
2019-02-26 06:13:06 +0000  copying file ./ContactUsVC.nib/runtime.nib ... 
2019-02-26 06:13:06 +0000  2202 bytes for ./ContactUsVC.nib/runtime.nib
2019-02-26 06:13:06 +0000  copying file ./MJRefresh.bundle/zh-Hans.lproj/Localizable.strings ... 
2019-02-26 06:13:06 +0000  1194 bytes for ./MJRefresh.bundle/zh-Hans.lproj/Localizable.strings
2019-02-26 06:13:06 +0000  copying file ./MJRefresh.bundle/en.lproj/Localizable.strings ... 
2019-02-26 06:13:06 +0000  691 bytes for ./MJRefresh.bundle/en.lproj/Localizable.strings
2019-02-26 06:13:06 +0000  copying file ./MJRefresh.bundle/arrow@2x.png ... 
2019-02-26 06:13:06 +0000  1033 bytes for ./MJRefresh.bundle/arrow@2x.png
copying file ./MJRefresh.bundle/zh-Hant.lproj/Localizable.strings ... 
2019-02-26 06:13:06 +0000  773 bytes for ./MJRefresh.bundle/zh-Hant.lproj/Localizable.strings
2019-02-26 06:13:06 +0000  copying file ./QSearchVC.nib/objects-11.0+.nib ... 
2019-02-26 06:13:06 +0000  4562 bytes for ./QSearchVC.nib/objects-11.0+.nib
2019-02-26 06:13:06 +0000  copying file ./QSearchVC.nib/runtime.nib ... 
2019-02-26 06:13:06 +0000  4041 bytes for ./QSearchVC.nib/runtime.nib
2019-02-26 06:13:06 +0000  copying file ./OptionalVC.nib/objects-11.0+.nib ... 
2019-02-26 06:13:06 +0000  4729 bytes for ./OptionalVC.nib/objects-11.0+.nib
copying file ./OptionalVC.nib/runtime.nib ... 
2019-02-26 06:13:06 +0000  3959 bytes for ./OptionalVC.nib/runtime.nib
2019-02-26 06:13:06 +0000  copying file ./FillNickNameVC.nib/objects-11.0+.nib ... 
2019-02-26 06:13:06 +0000  4465 bytes for ./FillNickNameVC.nib/objects-11.0+.nib
2019-02-26 06:13:06 +0000  copying file ./FillNickNameVC.nib/runtime.nib ... 
2019-02-26 06:13:06 +0000  3685 bytes for ./FillNickNameVC.nib/runtime.nib
2019-02-26 06:13:06 +0000  copying file ./BankDetailVC.nib/objects-11.0+.nib ... 
2019-02-26 06:13:06 +0000  4468 bytes for ./BankDetailVC.nib/objects-11.0+.nib
2019-02-26 06:13:06 +0000  copying file ./BankDetailVC.nib/runtime.nib ... 
2019-02-26 06:13:06 +0000  3685 bytes for ./BankDetailVC.nib/runtime.nib
2019-02-26 06:13:06 +0000  copying file ./LotCountCell.nib ... 
2019-02-26 06:13:06 +0000  5649 bytes for ./LotCountCell.nib
2019-02-26 06:13:06 +0000  copying file ./ChangeCell.nib ... 
2019-02-26 06:13:06 +0000  6458 bytes for ./ChangeCell.nib
2019-02-26 06:13:06 +0000  copying file ./ResetPWStartVC.nib/objects-11.0+.nib ... 
2019-02-26 06:13:06 +0000  4494 bytes for ./ResetPWStartVC.nib/objects-11.0+.nib
2019-02-26 06:13:06 +0000  copying file ./ResetPWStartVC.nib/runtime.nib ... 
2019-02-26 06:13:06 +0000  3709 bytes for ./ResetPWStartVC.nib/runtime.nib
copying file ./AppIcon60x60@2x.png ... 
2019-02-26 06:13:06 +0000  3385 bytes for ./AppIcon60x60@2x.png
2019-02-26 06:13:06 +0000  copying file ./IQKeyboardManager.bundle/IQButtonBarArrowRight@2x.png ... 
2019-02-26 06:13:06 +0000  1786 bytes for ./IQKeyboardManager.bundle/IQButtonBarArrowRight@2x.png
2019-02-26 06:13:06 +0000  copying file ./IQKeyboardManager.bundle/IQButtonBarArrowUp@3x.png ... 
2019-02-26 06:13:06 +0000  2164 bytes for ./IQKeyboardManager.bundle/IQButtonBarArrowUp@3x.png
2019-02-26 06:13:06 +0000  copying file ./IQKeyboardManager.bundle/IQButtonBarArrowUp@2x.png ... 
2019-02-26 06:13:06 +0000  1769 bytes for ./IQKeyboardManager.bundle/IQButtonBarArrowUp@2x.png
copying file ./IQKeyboardManager.bundle/IQButtonBarArrowRight@3x.png ... 
2019-02-26 06:13:06 +0000  1844 bytes for ./IQKeyboardManager.bundle/IQButtonBarArrowRight@3x.png
copying file ./IQKeyboardManager.bundle/IQButtonBarArrowLeft@3x.png ... 
2019-02-26 06:13:06 +0000  1815 bytes for ./IQKeyboardManager.bundle/IQButtonBarArrowLeft@3x.png
2019-02-26 06:13:06 +0000  copying file ./IQKeyboardManager.bundle/IQButtonBarArrowDown@3x.png ... 
2019-02-26 06:13:06 +0000  2177 bytes for ./IQKeyboardManager.bundle/IQButtonBarArrowDown@3x.png
copying file ./IQKeyboardManager.bundle/IQButtonBarArrowDown@2x.png ... 
2019-02-26 06:13:06 +0000  1764 bytes for ./IQKeyboardManager.bundle/IQButtonBarArrowDown@2x.png
copying file ./IQKeyboardManager.bundle/IQButtonBarArrowLeft@2x.png ... 
2019-02-26 06:13:06 +0000  1793 bytes for ./IQKeyboardManager.bundle/IQButtonBarArrowLeft@2x.png
2019-02-26 06:13:06 +0000  copying file ./BankMangerVC.nib/objects-11.0+.nib ... 
2019-02-26 06:13:06 +0000  2727 bytes for ./BankMangerVC.nib/objects-11.0+.nib
copying file ./BankMangerVC.nib/runtime.nib ... 
2019-02-26 06:13:06 +0000  2201 bytes for ./BankMangerVC.nib/runtime.nib
2019-02-26 06:13:06 +0000  copying file ./ListVC.nib/objects-11.0+.nib ... 
2019-02-26 06:13:06 +0000  3256 bytes for ./ListVC.nib/objects-11.0+.nib
2019-02-26 06:13:06 +0000  copying file ./ListVC.nib/runtime.nib ... 
2019-02-26 06:13:06 +0000  2736 bytes for ./ListVC.nib/runtime.nib
copying file ./WaiHui ... 
2019-02-26 06:13:06 +0000  61254256 bytes for ./WaiHui
2019-02-26 06:13:06 +0000  copying file ./SetLossVC.nib/objects-11.0+.nib ... 
2019-02-26 06:13:06 +0000  4468 bytes for ./SetLossVC.nib/objects-11.0+.nib
2019-02-26 06:13:06 +0000  copying file ./SetLossVC.nib/runtime.nib ... 
2019-02-26 06:13:06 +0000  3689 bytes for ./SetLossVC.nib/runtime.nib
copying file ./AppIcon29x29@2x.png ... 
2019-02-26 06:13:06 +0000  1736 bytes for ./AppIcon29x29@2x.png
2019-02-26 06:13:06 +0000  copying file ./FillInInfoVC.nib/objects-11.0+.nib ... 
2019-02-26 06:13:06 +0000  14508 bytes for ./FillInInfoVC.nib/objects-11.0+.nib
2019-02-26 06:13:06 +0000  copying file ./FillInInfoVC.nib/runtime.nib ... 
2019-02-26 06:13:06 +0000  13840 bytes for ./FillInInfoVC.nib/runtime.nib
2019-02-26 06:13:06 +0000  copying file ./MySeletedCell.nib ... 
2019-02-26 06:13:06 +0000  2946 bytes for ./MySeletedCell.nib
copying file ./LoginEmailVC.nib/objects-11.0+.nib ... 
2019-02-26 06:13:06 +0000  10101 bytes for ./LoginEmailVC.nib/objects-11.0+.nib
2019-02-26 06:13:06 +0000  copying file ./LoginEmailVC.nib/runtime.nib ... 
2019-02-26 06:13:06 +0000  9488 bytes for ./LoginEmailVC.nib/runtime.nib
2019-02-26 06:13:06 +0000  copying file ./CashTextFieldCell.nib ... 
2019-02-26 06:13:06 +0000  3986 bytes for ./CashTextFieldCell.nib
2019-02-26 06:13:06 +0000  copying file ./LoginphoneVC.nib/objects-11.0+.nib ... 
2019-02-26 06:13:06 +0000  10222 bytes for ./LoginphoneVC.nib/objects-11.0+.nib
2019-02-26 06:13:06 +0000  copying file ./LoginphoneVC.nib/runtime.nib ... 
2019-02-26 06:13:06 +0000  9556 bytes for ./LoginphoneVC.nib/runtime.nib
2019-02-26 06:13:06 +0000  copying file ./TermoCell.nib ... 
2019-02-26 06:13:06 +0000  3469 bytes for ./TermoCell.nib
copying file ./BankCell.nib ... 
2019-02-26 06:13:06 +0000  4181 bytes for ./BankCell.nib
2019-02-26 06:13:06 +0000  copying file ./AppIcon40x40@3x.png ... 
2019-02-26 06:13:06 +0000  3385 bytes for ./AppIcon40x40@3x.png
copying file ./addr.json ... 
2019-02-26 06:13:06 +0000  310984 bytes for ./addr.json
2019-02-26 06:13:06 +0000  copying file ./ContractualCell.nib ... 
2019-02-26 06:13:06 +0000  3528 bytes for ./ContractualCell.nib
2019-02-26 06:13:06 +0000  copying file ./AppIcon40x40@2x.png ... 
2410 bytes for ./AppIcon40x40@2x.png
2019-02-26 06:13:06 +0000  copying file ./SuccessOrderVC.nib/objects-11.0+.nib ... 
2019-02-26 06:13:06 +0000  9573 bytes for ./SuccessOrderVC.nib/objects-11.0+.nib
2019-02-26 06:13:06 +0000  copying file ./SuccessOrderVC.nib/runtime.nib ... 
2019-02-26 06:13:06 +0000  8257 bytes for ./SuccessOrderVC.nib/runtime.nib
2019-02-26 06:13:06 +0000  copying file ./TransactionVC.nib ... 
2019-02-26 06:13:06 +0000  9084 bytes for ./TransactionVC.nib
2019-02-26 06:13:06 +0000  copying file ./MoreAlert.nib/objects-11.0+.nib ... 
2019-02-26 06:13:06 +0000  4508 bytes for ./MoreAlert.nib/objects-11.0+.nib
2019-02-26 06:13:06 +0000  copying file ./MoreAlert.nib/runtime.nib ... 
2019-02-26 06:13:06 +0000  3840 bytes for ./MoreAlert.nib/runtime.nib
2019-02-26 06:13:06 +0000  copying file ./QSearchTwoCell.nib ... 
2019-02-26 06:13:06 +0000  3608 bytes for ./QSearchTwoCell.nib
2019-02-26 06:13:06 +0000  copying file ./OffsetAlert.nib/objects-11.0+.nib ... 
2019-02-26 06:13:06 +0000  5629 bytes for ./OffsetAlert.nib/objects-11.0+.nib
2019-02-26 06:13:06 +0000  copying file ./OffsetAlert.nib/runtime.nib ... 
2019-02-26 06:13:06 +0000  4963 bytes for ./OffsetAlert.nib/runtime.nib
2019-02-26 06:13:06 +0000  copying file ./AddBankVC.nib/objects-11.0+.nib ... 
2019-02-26 06:13:06 +0000  5833 bytes for ./AddBankVC.nib/objects-11.0+.nib
copying file ./AddBankVC.nib/runtime.nib ... 
2019-02-26 06:13:06 +0000  4813 bytes for ./AddBankVC.nib/runtime.nib
2019-02-26 06:13:06 +0000  copying file ./AppIcon29x29@3x.png ... 
2019-02-26 06:13:06 +0000  2607 bytes for ./AppIcon29x29@3x.png
2019-02-26 06:13:06 +0000  copying file ./TermofvalidityAlert.nib/objects-11.0+.nib ... 
2019-02-26 06:13:06 +0000  4249 bytes for ./TermofvalidityAlert.nib/objects-11.0+.nib
2019-02-26 06:13:06 +0000  copying file ./TermofvalidityAlert.nib/runtime.nib ... 
2019-02-26 06:13:06 +0000  3714 bytes for ./TermofvalidityAlert.nib/runtime.nib
2019-02-26 06:13:06 +0000  copying file ./CashRateCell.nib ... 
2019-02-26 06:13:06 +0000  4300 bytes for ./CashRateCell.nib
2019-02-26 06:13:06 +0000  copying file ./ResetCell.nib ... 
2019-02-26 06:13:06 +0000  3616 bytes for ./ResetCell.nib
copying file ./AppIcon60x60@3x.png ... 
2019-02-26 06:13:06 +0000  4875 bytes for ./AppIcon60x60@3x.png
2019-02-26 06:13:06 +0000  copying file ./Base.lproj/Main.storyboardc/UIViewController-BYZ-38-t0r.nib ... 
2019-02-26 06:13:06 +0000  832 bytes for ./Base.lproj/Main.storyboardc/UIViewController-BYZ-38-t0r.nib
2019-02-26 06:13:06 +0000  copying file ./Base.lproj/Main.storyboardc/BYZ-38-t0r-view-8bC-Xf-vdC.nib ... 
2019-02-26 06:13:06 +0000  1985 bytes for ./Base.lproj/Main.storyboardc/BYZ-38-t0r-view-8bC-Xf-vdC.nib
copying file ./Base.lproj/Main.storyboardc/Info.plist ... 
2019-02-26 06:13:06 +0000  258 bytes for ./Base.lproj/Main.storyboardc/Info.plist
2019-02-26 06:13:06 +0000  copying file ./Base.lproj/LaunchScreen.storyboardc/01J-lp-oVM-view-Ze5-6b-2t3.nib ... 
2019-02-26 06:13:06 +0000  1985 bytes for ./Base.lproj/LaunchScreen.storyboardc/01J-lp-oVM-view-Ze5-6b-2t3.nib
copying file ./Base.lproj/LaunchScreen.storyboardc/UIViewController-01J-lp-oVM.nib ... 
2019-02-26 06:13:06 +0000  832 bytes for ./Base.lproj/LaunchScreen.storyboardc/UIViewController-01J-lp-oVM.nib
2019-02-26 06:13:06 +0000  copying file ./Base.lproj/LaunchScreen.storyboardc/Info.plist ... 
2019-02-26 06:13:06 +0000  258 bytes for ./Base.lproj/LaunchScreen.storyboardc/Info.plist
2019-02-26 06:13:06 +0000  copying file ./ResetPassWordVC.nib/objects-11.0+.nib ... 
2019-02-26 06:13:06 +0000  4471 bytes for ./ResetPassWordVC.nib/objects-11.0+.nib
2019-02-26 06:13:06 +0000  copying file ./ResetPassWordVC.nib/runtime.nib ... 
2019-02-26 06:13:06 +0000  3683 bytes for ./ResetPassWordVC.nib/runtime.nib
2019-02-26 06:13:06 +0000  copying file ./RegistEmailVC.nib/objects-11.0+.nib ... 
2019-02-26 06:13:06 +0000  12748 bytes for ./RegistEmailVC.nib/objects-11.0+.nib
copying file ./RegistEmailVC.nib/runtime.nib ... 
2019-02-26 06:13:06 +0000  12087 bytes for ./RegistEmailVC.nib/runtime.nib
2019-02-26 06:13:06 +0000  copying file ./RegistPhoneVC.nib/objects-11.0+.nib ... 
2019-02-26 06:13:06 +0000  13216 bytes for ./RegistPhoneVC.nib/objects-11.0+.nib
2019-02-26 06:13:06 +0000  copying file ./RegistPhoneVC.nib/runtime.nib ... 
2019-02-26 06:13:06 +0000  12550 bytes for ./RegistPhoneVC.nib/runtime.nib
2019-02-26 06:13:06 +0000  copying file ./RealNameCardVC.nib/objects-11.0+.nib ... 
2019-02-26 06:13:06 +0000  8131 bytes for ./RealNameCardVC.nib/objects-11.0+.nib
2019-02-26 06:13:06 +0000  copying file ./RealNameCardVC.nib/runtime.nib ... 
2019-02-26 06:13:06 +0000  7469 bytes for ./RealNameCardVC.nib/runtime.nib
2019-02-26 06:13:06 +0000  copying file ./MyVC.nib/objects-11.0+.nib ... 
2019-02-26 06:13:06 +0000  8250 bytes for ./MyVC.nib/objects-11.0+.nib
2019-02-26 06:13:06 +0000  copying file ./MyVC.nib/runtime.nib ... 
2019-02-26 06:13:06 +0000  7469 bytes for ./MyVC.nib/runtime.nib
2019-02-26 06:13:06 +0000  copying file ./CashListVC.nib/objects-11.0+.nib ... 
2019-02-26 06:13:06 +0000  7057 bytes for ./CashListVC.nib/objects-11.0+.nib
2019-02-26 06:13:06 +0000  copying file ./CashListVC.nib/runtime.nib ... 
2019-02-26 06:13:06 +0000  6284 bytes for ./CashListVC.nib/runtime.nib
2019-02-26 06:13:06 +0000  copying file ./ListCell.nib ... 
2019-02-26 06:13:06 +0000  8439 bytes for ./ListCell.nib
2019-02-26 06:13:06 +0000  copying file ./QuotationListVC.nib/objects-11.0+.nib ... 
2019-02-26 06:13:06 +0000  4788 bytes for ./QuotationListVC.nib/objects-11.0+.nib
2019-02-26 06:13:06 +0000  copying file ./QuotationListVC.nib/runtime.nib ... 
2019-02-26 06:13:06 +0000  4004 bytes for ./QuotationListVC.nib/runtime.nib
copying file ./Assets.car ... 
2019-02-26 06:13:06 +0000  378376 bytes for ./Assets.car
2019-02-26 06:13:06 +0000  copying file ./QuickTransactionAlert.nib/objects-11.0+.nib ... 
2019-02-26 06:13:06 +0000  7270 bytes for ./QuickTransactionAlert.nib/objects-11.0+.nib
2019-02-26 06:13:06 +0000  copying file ./QuickTransactionAlert.nib/runtime.nib ... 
2019-02-26 06:13:06 +0000  6610 bytes for ./QuickTransactionAlert.nib/runtime.nib
2019-02-26 06:13:06 +0000  copying file ./CXSearchCollectionViewCell.nib ... 
2019-02-26 06:13:06 +0000  3800 bytes for ./CXSearchCollectionViewCell.nib
2019-02-26 06:13:06 +0000  copying file ./SafeMangerVC.nib/objects-11.0+.nib ... 
2019-02-26 06:13:06 +0000  2729 bytes for ./SafeMangerVC.nib/objects-11.0+.nib
2019-02-26 06:13:06 +0000  copying file ./SafeMangerVC.nib/runtime.nib ... 
2019-02-26 06:13:06 +0000  2201 bytes for ./SafeMangerVC.nib/runtime.nib
2019-02-26 06:13:06 +0000  copying file ./RealNameVC.nib/objects-11.0+.nib ... 
2019-02-26 06:13:06 +0000  8237 bytes for ./RealNameVC.nib/objects-11.0+.nib
2019-02-26 06:13:06 +0000  copying file ./RealNameVC.nib/runtime.nib ... 
2019-02-26 06:13:06 +0000  7560 bytes for ./RealNameVC.nib/runtime.nib
2019-02-26 06:13:06 +0000  copying file ./TraniceTypeCell.nib ... 
2019-02-26 06:13:06 +0000  3733 bytes for ./TraniceTypeCell.nib
2019-02-26 06:13:06 +0000  copying file ./AddMt4VC.nib/objects-11.0+.nib ... 
2019-02-26 06:13:06 +0000  4061 bytes for ./AddMt4VC.nib/objects-11.0+.nib
2019-02-26 06:13:06 +0000  copying file ./AddMt4VC.nib/runtime.nib ... 
2019-02-26 06:13:06 +0000  3524 bytes for ./AddMt4VC.nib/runtime.nib
2019-02-26 06:13:06 +0000  copying file ./SetVCAlert.nib/objects-11.0+.nib ... 
2019-02-26 06:13:06 +0000  5077 bytes for ./SetVCAlert.nib/objects-11.0+.nib
copying file ./SetVCAlert.nib/runtime.nib ... 
2019-02-26 06:13:06 +0000  4415 bytes for ./SetVCAlert.nib/runtime.nib
copying file ./QuoTationListCell.nib ... 
2019-02-26 06:13:06 +0000  4631 bytes for ./QuoTationListCell.nib
2019-02-26 06:13:06 +0000  copying file ./CodeCell.nib ... 
2019-02-26 06:13:06 +0000  4250 bytes for ./CodeCell.nib
2019-02-26 06:13:06 +0000  copying file ./TransactionResultVC.nib/objects-11.0+.nib ... 
2019-02-26 06:13:06 +0000  11210 bytes for ./TransactionResultVC.nib/objects-11.0+.nib
2019-02-26 06:13:06 +0000  copying file ./TransactionResultVC.nib/runtime.nib ... 
2019-02-26 06:13:06 +0000  9895 bytes for ./TransactionResultVC.nib/runtime.nib
2019-02-26 06:13:06 +0000  copying file ./AccountCell.nib ... 
2019-02-26 06:13:06 +0000  9014 bytes for ./AccountCell.nib
copying file ./NotHisCell.nib ... 
2019-02-26 06:13:06 +0000  3015 bytes for ./NotHisCell.nib
2019-02-26 06:13:06 +0000  copying file ./BaseViewController.nib/objects-11.0+.nib ... 
2019-02-26 06:13:06 +0000  4094 bytes for ./BaseViewController.nib/objects-11.0+.nib
copying file ./BaseViewController.nib/runtime.nib ... 
2019-02-26 06:13:06 +0000  3179 bytes for ./BaseViewController.nib/runtime.nib
2019-02-26 06:13:06 +0000  copying file ./AccountManagerVC.nib/objects-11.0+.nib ... 
2019-02-26 06:13:06 +0000  4182 bytes for ./AccountManagerVC.nib/objects-11.0+.nib
2019-02-26 06:13:06 +0000  copying file ./AccountManagerVC.nib/runtime.nib ... 
2019-02-26 06:13:06 +0000  3650 bytes for ./AccountManagerVC.nib/runtime.nib
copying file ./PhoneCell.nib ... 
2019-02-26 06:13:06 +0000  4267 bytes for ./PhoneCell.nib
2019-02-26 06:13:06 +0000  copying file ./OpenAccountCell.nib ... 
2019-02-26 06:13:06 +0000  5823 bytes for ./OpenAccountCell.nib
2019-02-26 06:13:06 +0000  copying file ./PriceOneCell.nib ... 
2019-02-26 06:13:06 +0000  5637 bytes for ./PriceOneCell.nib
2019-02-26 06:13:06 +0000  copying file ./ForgetPwPhoneNextVC.nib/objects-11.0+.nib ... 
2019-02-26 06:13:06 +0000  8717 bytes for ./ForgetPwPhoneNextVC.nib/objects-11.0+.nib
2019-02-26 06:13:06 +0000  copying file ./ForgetPwPhoneNextVC.nib/runtime.nib ... 
2019-02-26 06:13:06 +0000  8048 bytes for ./ForgetPwPhoneNextVC.nib/runtime.nib
2019-02-26 06:13:06 +0000  copying file ./CheDanAlert.nib/objects-11.0+.nib ... 
2019-02-26 06:13:06 +0000  5832 bytes for ./CheDanAlert.nib/objects-11.0+.nib
copying file ./CheDanAlert.nib/runtime.nib ... 
2019-02-26 06:13:06 +0000  5160 bytes for ./CheDanAlert.nib/runtime.nib
2019-02-26 06:13:06 +0000  copying file ./ClosePositionDetailVC.nib/objects-11.0+.nib ... 
2019-02-26 06:13:06 +0000  4471 bytes for ./ClosePositionDetailVC.nib/objects-11.0+.nib
copying file ./ClosePositionDetailVC.nib/runtime.nib ... 
2019-02-26 06:13:06 +0000  3688 bytes for ./ClosePositionDetailVC.nib/runtime.nib
2019-02-26 06:13:06 +0000  copying file ./MCClose@2x.png ... 
2019-02-26 06:13:06 +0000  1657 bytes for ./MCClose@2x.png
2019-02-26 06:13:06 +0000  copying file ./MyTipAlert.nib/objects-11.0+.nib ... 
2019-02-26 06:13:06 +0000  4529 bytes for ./MyTipAlert.nib/objects-11.0+.nib
2019-02-26 06:13:06 +0000  copying file ./MyTipAlert.nib/runtime.nib ... 
2019-02-26 06:13:06 +0000  3862 bytes for ./MyTipAlert.nib/runtime.nib
copying file ./ValueOneCell.nib ... 
2019-02-26 06:13:06 +0000  3328 bytes for ./ValueOneCell.nib
2019-02-26 06:13:06 +0000  copying file ./CashInOrOutVC.nib ... 
2019-02-26 06:13:06 +0000  974 bytes for ./CashInOrOutVC.nib
copying file ./embedded.mobileprovision ... 
2019-02-26 06:13:06 +0000  7741 bytes for ./embedded.mobileprovision
2019-02-26 06:13:06 +0000  copying file ./RegistSuccessVC.nib/objects-11.0+.nib ... 
2019-02-26 06:13:06 +0000  5809 bytes for ./RegistSuccessVC.nib/objects-11.0+.nib
2019-02-26 06:13:06 +0000  copying file ./RegistSuccessVC.nib/runtime.nib ... 
2019-02-26 06:13:06 +0000  5144 bytes for ./RegistSuccessVC.nib/runtime.nib
2019-02-26 06:13:06 +0000  copying file ./SVProgressHUD.bundle/info.png ... 
2019-02-26 06:13:06 +0000  365 bytes for ./SVProgressHUD.bundle/info.png
copying file ./SVProgressHUD.bundle/error@3x.png ... 
2019-02-26 06:13:06 +0000  398 bytes for ./SVProgressHUD.bundle/error@3x.png
2019-02-26 06:13:06 +0000  copying file ./SVProgressHUD.bundle/angle-mask@3x.png ... 
2019-02-26 06:13:06 +0000  8319 bytes for ./SVProgressHUD.bundle/angle-mask@3x.png
copying file ./SVProgressHUD.bundle/angle-mask@2x.png ... 
2019-02-26 06:13:06 +0000  4893 bytes for ./SVProgressHUD.bundle/angle-mask@2x.png
copying file ./SVProgressHUD.bundle/error@2x.png ... 
2019-02-26 06:13:06 +0000  306 bytes for ./SVProgressHUD.bundle/error@2x.png
2019-02-26 06:13:06 +0000  copying file ./SVProgressHUD.bundle/info@3x.png ... 
2019-02-26 06:13:06 +0000  1200 bytes for ./SVProgressHUD.bundle/info@3x.png
copying file ./SVProgressHUD.bundle/success@2x.png ... 
2019-02-26 06:13:06 +0000  462 bytes for ./SVProgressHUD.bundle/success@2x.png
2019-02-26 06:13:06 +0000  copying file ./SVProgressHUD.bundle/success@3x.png ... 
2019-02-26 06:13:06 +0000  714 bytes for ./SVProgressHUD.bundle/success@3x.png
copying file ./SVProgressHUD.bundle/info@2x.png ... 
2019-02-26 06:13:06 +0000  816 bytes for ./SVProgressHUD.bundle/info@2x.png
copying file ./SVProgressHUD.bundle/error.png ... 
2019-02-26 06:13:06 +0000  184 bytes for ./SVProgressHUD.bundle/error.png
2019-02-26 06:13:06 +0000  copying file ./SVProgressHUD.bundle/success.png ... 
2019-02-26 06:13:06 +0000  262 bytes for ./SVProgressHUD.bundle/success.png
2019-02-26 06:13:06 +0000  copying file ./SVProgressHUD.bundle/angle-mask.png ... 
2019-02-26 06:13:06 +0000  1845 bytes for ./SVProgressHUD.bundle/angle-mask.png
2019-02-26 06:13:06 +0000  copying file ./HoldPositionsVC.nib/objects-11.0+.nib ... 
2019-02-26 06:13:06 +0000  3101 bytes for ./HoldPositionsVC.nib/objects-11.0+.nib
2019-02-26 06:13:06 +0000  copying file ./HoldPositionsVC.nib/runtime.nib ... 
2019-02-26 06:13:06 +0000  2573 bytes for ./HoldPositionsVC.nib/runtime.nib
2019-02-26 06:13:06 +0000  copying file ./ClosPostionCell.nib ... 
2019-02-26 06:13:06 +0000  4775 bytes for ./ClosPostionCell.nib
2019-02-26 06:13:06 +0000  copying file ./Mt4LoginAlert.nib/objects-11.0+.nib ... 
2019-02-26 06:13:06 +0000  6609 bytes for ./Mt4LoginAlert.nib/objects-11.0+.nib
2019-02-26 06:13:06 +0000  copying file ./Mt4LoginAlert.nib/runtime.nib ... 
2019-02-26 06:13:06 +0000  5954 bytes for ./Mt4LoginAlert.nib/runtime.nib
2019-02-26 06:13:06 +0000  copying file ./RealOrBankVC.nib/objects-11.0+.nib ... 
2019-02-26 06:13:06 +0000  5350 bytes for ./RealOrBankVC.nib/objects-11.0+.nib
2019-02-26 06:13:06 +0000  copying file ./RealOrBankVC.nib/runtime.nib ... 
2019-02-26 06:13:06 +0000  4687 bytes for ./RealOrBankVC.nib/runtime.nib
2019-02-26 06:13:06 +0000  copying file ./NetLodingCell.nib ... 
2019-02-26 06:13:06 +0000  2428 bytes for ./NetLodingCell.nib
2019-02-26 06:13:06 +0000  copying file ./HoldCell.nib ... 
2019-02-26 06:13:06 +0000  8936 bytes for ./HoldCell.nib
2019-02-26 06:13:06 +0000  copying file ./CashToast.nib/objects-11.0+.nib ... 
2019-02-26 06:13:06 +0000  3697 bytes for ./CashToast.nib/objects-11.0+.nib
copying file ./CashToast.nib/runtime.nib ... 
2019-02-26 06:13:06 +0000  3030 bytes for ./CashToast.nib/runtime.nib
2019-02-26 06:13:06 +0000  copying file ./Info.plist ... 
2019-02-26 06:13:06 +0000  1601 bytes for ./Info.plist
2019-02-26 06:13:06 +0000  copying file ./CashInVC.nib/objects-11.0+.nib ... 
2019-02-26 06:13:06 +0000  5463 bytes for ./CashInVC.nib/objects-11.0+.nib
2019-02-26 06:13:06 +0000  copying file ./CashInVC.nib/runtime.nib ... 
2019-02-26 06:13:06 +0000  4680 bytes for ./CashInVC.nib/runtime.nib
2019-02-26 06:13:06 +0000  copying file ./QuotationVC.nib ... 
2019-02-26 06:13:06 +0000  974 bytes for ./QuotationVC.nib
copying file ./CloseCell.nib ... 
2019-02-26 06:13:06 +0000  6404 bytes for ./CloseCell.nib
2019-02-26 06:13:06 +0000  copying file ./QSearchTCell.nib ... 
2019-02-26 06:13:06 +0000  4197 bytes for ./QSearchTCell.nib
2019-02-26 06:13:06 +0000  copying file ./PkgInfo ... 
2019-02-26 06:13:06 +0000  8 bytes for ./PkgInfo
copying file ./SucessAddMt4VC.nib/objects-11.0+.nib ... 
2019-02-26 06:13:06 +0000  8802 bytes for ./SucessAddMt4VC.nib/objects-11.0+.nib
2019-02-26 06:13:06 +0000  copying file ./SucessAddMt4VC.nib/runtime.nib ... 
2019-02-26 06:13:06 +0000  7493 bytes for ./SucessAddMt4VC.nib/runtime.nib
2019-02-26 06:13:06 +0000  copying file ./ChangeOrderVC.nib/objects-11.0+.nib ... 
2019-02-26 06:13:06 +0000  5559 bytes for ./ChangeOrderVC.nib/objects-11.0+.nib
copying file ./ChangeOrderVC.nib/runtime.nib ... 
2019-02-26 06:13:06 +0000  4776 bytes for ./ChangeOrderVC.nib/runtime.nib
2019-02-26 06:13:06 +0000 [MT] /usr/bin/ditto exited with 0
2019-02-26 06:13:06 +0000 [MT] Processing step: IDEDistributionEmbedProfileStep
2019-02-26 06:13:06 +0000 [MT] Processing step: IDEDistributionAppThinningPlistStep
2019-02-26 06:13:06 +0000 [MT] Skipping step: IDEDistributionAppThinningPlistStep because it said so
2019-02-26 06:13:06 +0000 [MT] Processing step: IDEDistributionCompileBitcodeStep
2019-02-26 06:13:06 +0000 [MT] Skipping step: IDEDistributionCompileBitcodeStep because it said so
2019-02-26 06:13:06 +0000 [MT] Processing step: IDEDistributionCodeSlimmingStep
2019-02-26 06:13:06 +0000 [MT] Processing step: IDEDistributionCopyBCSymbolMapsStep
2019-02-26 06:13:06 +0000 [MT] Skipping step: IDEDistributionCopyBCSymbolMapsStep because it said so
2019-02-26 06:13:06 +0000 [MT] Processing step: IDEDistributionSymbolsStep
2019-02-26 06:13:06 +0000 [MT] Skipping step: IDEDistributionSymbolsStep because it said so
2019-02-26 06:13:06 +0000 [MT] Processing step: IDEDistributionAppThinningStep
2019-02-26 06:13:06 +0000 [MT] Skipping step: IDEDistributionAppThinningStep because it said so
2019-02-26 06:13:06 +0000 [MT] Processing step: IDEDistributionArchThinningStep
2019-02-26 06:13:06 +0000 [MT] Running /Applications/Xcode.app/Contents/Developer/Toolchains/XcodeDefault.xctoolchain/usr/bin/lipo '/var/folders/65/1p0hqpx97v51zd24hx2lh0pm0000gn/T/XcodeDistPipeline.KXh/Root/Payload/WaiHui.app/WaiHui' '-verify_arch' 'arm64e'
2019-02-26 06:13:06 +0000 [MT] /Applications/Xcode.app/Contents/Developer/Toolchains/XcodeDefault.xctoolchain/usr/bin/lipo exited with 1
2019-02-26 06:13:06 +0000 [MT] Skipping architecture thinning for item "WaiHui" because arch "arm64e" wasn't found
2019-02-26 06:13:06 +0000 [MT] Processing step: IDEDistributionODRStep
2019-02-26 06:13:06 +0000 [MT] Processing step: IDEDistributionStripXattrsStep
2019-02-26 06:13:06 +0000 [MT] Running /usr/bin/xattr '-crs' '/var/folders/65/1p0hqpx97v51zd24hx2lh0pm0000gn/T/XcodeDistPipeline.KXh/Root/Payload/WaiHui.app'
2019-02-26 06:13:07 +0000 [MT] /usr/bin/xattr exited with 0
2019-02-26 06:13:07 +0000 [MT] Processing step: IDEDistributionCodesignStep
2019-02-26 06:13:07 +0000 [MT] Entitlements for <IDEDistributionItem: 0x7f8aca791b20 'Faxian.WaiHui.cn' '<DVTFilePath:0x7f8aca71a210:'/Users/liuxiang/Desktop/WaiHui/build/WaiHui.xcarchive/Products/Applications/WaiHui.app'>'>: {
    "application-identifier" = "QBGWY3DAPC.Faxian.WaiHui.cn";
    "com.apple.developer.team-identifier" = QBGWY3DAPC;
    "get-task-allow" = 0;
    "keychain-access-groups" =     (
        "QBGWY3DAPC.Faxian.WaiHui.cn"
    );
}
2019-02-26 06:13:07 +0000 [MT] Writing entitlements for <IDEDistributionItem: 0x7f8aca791b20 'Faxian.WaiHui.cn' '<DVTFilePath:0x7f8aca71a210:'/Users/liuxiang/Desktop/WaiHui/build/WaiHui.xcarchive/Products/Applications/WaiHui.app'>'> to: /var/folders/65/1p0hqpx97v51zd24hx2lh0pm0000gn/T/XcodeDistPipeline.KXh/entitlementstnf0M4
2019-02-26 06:13:07 +0000 [MT] Running /usr/bin/codesign '-vvv' '--force' '--sign' '322EF476C55E871E2ED173C66DBC56C8A7C17314' '--entitlements' '/var/folders/65/1p0hqpx97v51zd24hx2lh0pm0000gn/T/XcodeDistPipeline.KXh/entitlementstnf0M4' '--preserve-metadata=identifier,flags,runtime' '/var/folders/65/1p0hqpx97v51zd24hx2lh0pm0000gn/T/XcodeDistPipeline.KXh/Root/Payload/WaiHui.app'
2019-02-26 06:13:07 +0000  /var/folders/65/1p0hqpx97v51zd24hx2lh0pm0000gn/T/XcodeDistPipeline.KXh/Root/Payload/WaiHui.app: signed app bundle with Mach-O universal (armv7 arm64) [Faxian.WaiHui.cn]
2019-02-26 06:13:07 +0000 [MT] /usr/bin/codesign exited with 0
2019-02-26 06:13:07 +0000 [MT] Processing step: IDEDistributionZipODRItemStep
2019-02-26 06:13:07 +0000 [MT] Skipping step: IDEDistributionZipODRItemStep because it said so
2019-02-26 06:13:07 +0000 [MT] Processing step: IDEDistributionCreateIPAStep
2019-02-26 06:13:07 +0000 [MT] Running /usr/bin/ditto '-V' '-c' '-k' '--norsrc' '/var/folders/65/1p0hqpx97v51zd24hx2lh0pm0000gn/T/XcodeDistPipeline.KXh/Root' '/var/folders/65/1p0hqpx97v51zd24hx2lh0pm0000gn/T/XcodeDistPipeline.KXh/Packages/WaiHui.ipa'
2019-02-26 06:13:07 +0000  >>> Copying /var/folders/65/1p0hqpx97v51zd24hx2lh0pm0000gn/T/XcodeDistPipeline.KXh/Root 
2019-02-26 06:13:07 +0000  copying file ./Payload/WaiHui.app/PriceCell.nib ... 
2019-02-26 06:13:07 +0000  2982 bytes for ./Payload/WaiHui.app/PriceCell.nib
2019-02-26 06:13:07 +0000  copying file ./Payload/WaiHui.app/_CodeSignature/CodeResources ... 
2019-02-26 06:13:07 +0000  67126 bytes for ./Payload/WaiHui.app/_CodeSignature/CodeResources
2019-02-26 06:13:07 +0000  copying file ./Payload/WaiHui.app/ContractualattributesVC.nib/objects-11.0+.nib ... 
2019-02-26 06:13:07 +0000  4284 bytes for ./Payload/WaiHui.app/ContractualattributesVC.nib/objects-11.0+.nib
copying file ./Payload/WaiHui.app/ContractualattributesVC.nib/runtime.nib ... 
2019-02-26 06:13:07 +0000  3495 bytes for ./Payload/WaiHui.app/ContractualattributesVC.nib/runtime.nib
2019-02-26 06:13:07 +0000  copying file ./Payload/WaiHui.app/PersonalVC.nib/objects-11.0+.nib ... 
2019-02-26 06:13:07 +0000  5845 bytes for ./Payload/WaiHui.app/PersonalVC.nib/objects-11.0+.nib
copying file ./Payload/WaiHui.app/PersonalVC.nib/runtime.nib ... 
2019-02-26 06:13:07 +0000  5039 bytes for ./Payload/WaiHui.app/PersonalVC.nib/runtime.nib
2019-02-26 06:13:07 +0000  copying file ./Payload/WaiHui.app/MarketpriceVC.nib/objects-11.0+.nib ... 
2019-02-26 06:13:07 +0000  9806 bytes for ./Payload/WaiHui.app/MarketpriceVC.nib/objects-11.0+.nib
2019-02-26 06:13:07 +0000  copying file ./Payload/WaiHui.app/MarketpriceVC.nib/runtime.nib ... 
2019-02-26 06:13:07 +0000  8780 bytes for ./Payload/WaiHui.app/MarketpriceVC.nib/runtime.nib
2019-02-26 06:13:07 +0000  copying file ./Payload/WaiHui.app/PriceTwoCell.nib ... 
2019-02-26 06:13:07 +0000  3555 bytes for ./Payload/WaiHui.app/PriceTwoCell.nib
2019-02-26 06:13:07 +0000  copying file ./Payload/WaiHui.app/ClosePositionVC.nib/objects-11.0+.nib ... 
2019-02-26 06:13:07 +0000  6924 bytes for ./Payload/WaiHui.app/ClosePositionVC.nib/objects-11.0+.nib
2019-02-26 06:13:07 +0000  copying file ./Payload/WaiHui.app/ClosePositionVC.nib/runtime.nib ... 
2019-02-26 06:13:07 +0000  6132 bytes for ./Payload/WaiHui.app/ClosePositionVC.nib/runtime.nib
2019-02-26 06:13:07 +0000  copying file ./Payload/WaiHui.app/AppIcon20x20@2x.png ... 
1274 bytes for ./Payload/WaiHui.app/AppIcon20x20@2x.png
2019-02-26 06:13:07 +0000  copying file ./Payload/WaiHui.app/CheckpriceVC.nib/objects-11.0+.nib ... 
2019-02-26 06:13:07 +0000  9805 bytes for ./Payload/WaiHui.app/CheckpriceVC.nib/objects-11.0+.nib
2019-02-26 06:13:07 +0000  copying file ./Payload/WaiHui.app/CheckpriceVC.nib/runtime.nib ... 
2019-02-26 06:13:07 +0000  8781 bytes for ./Payload/WaiHui.app/CheckpriceVC.nib/runtime.nib
2019-02-26 06:13:07 +0000  copying file ./Payload/WaiHui.app/ForgetPwEmailNextVC.nib/objects-11.0+.nib ... 
2019-02-26 06:13:07 +0000  8136 bytes for ./Payload/WaiHui.app/ForgetPwEmailNextVC.nib/objects-11.0+.nib
copying file ./Payload/WaiHui.app/ForgetPwEmailNextVC.nib/runtime.nib ... 
2019-02-26 06:13:07 +0000  7462 bytes for ./Payload/WaiHui.app/ForgetPwEmailNextVC.nib/runtime.nib
copying file ./Payload/WaiHui.app/OpenSimulationCell.nib ... 
2019-02-26 06:13:07 +0000  5608 bytes for ./Payload/WaiHui.app/OpenSimulationCell.nib
copying file ./Payload/WaiHui.app/StartPwCell.nib ... 
2019-02-26 06:13:07 +0000  4483 bytes for ./Payload/WaiHui.app/StartPwCell.nib
2019-02-26 06:13:07 +0000  copying file ./Payload/WaiHui.app/CashOutVC.nib/objects-11.0+.nib ... 
2019-02-26 06:13:07 +0000  4516 bytes for ./Payload/WaiHui.app/CashOutVC.nib/objects-11.0+.nib
copying file ./Payload/WaiHui.app/CashOutVC.nib/runtime.nib ... 
2019-02-26 06:13:07 +0000  3733 bytes for ./Payload/WaiHui.app/CashOutVC.nib/runtime.nib
2019-02-26 06:13:07 +0000  copying file ./Payload/WaiHui.app/SellVC.nib ... 
2019-02-26 06:13:07 +0000  3836 bytes for ./Payload/WaiHui.app/SellVC.nib
2019-02-26 06:13:07 +0000  copying file ./Payload/WaiHui.app/AccountMoreVC.nib/objects-11.0+.nib ... 
2019-02-26 06:13:07 +0000  2727 bytes for ./Payload/WaiHui.app/AccountMoreVC.nib/objects-11.0+.nib
copying file ./Payload/WaiHui.app/AccountMoreVC.nib/runtime.nib ... 
2019-02-26 06:13:07 +0000  2201 bytes for ./Payload/WaiHui.app/AccountMoreVC.nib/runtime.nib
copying file ./Payload/WaiHui.app/CashListCell.nib ... 
2019-02-26 06:13:07 +0000  4660 bytes for ./Payload/WaiHui.app/CashListCell.nib
2019-02-26 06:13:07 +0000  copying file ./Payload/WaiHui.app/SeletedCell.nib ... 
2019-02-26 06:13:07 +0000  3639 bytes for ./Payload/WaiHui.app/SeletedCell.nib
copying file ./Payload/WaiHui.app/ResetPWVC.nib/objects-11.0+.nib ... 
2019-02-26 06:13:07 +0000  4474 bytes for ./Payload/WaiHui.app/ResetPWVC.nib/objects-11.0+.nib
2019-02-26 06:13:07 +0000  copying file ./Payload/WaiHui.app/ResetPWVC.nib/runtime.nib ... 
2019-02-26 06:13:07 +0000  3687 bytes for ./Payload/WaiHui.app/ResetPWVC.nib/runtime.nib
copying file ./Payload/WaiHui.app/SeletedAlert.nib/objects-11.0+.nib ... 
2019-02-26 06:13:07 +0000  3422 bytes for ./Payload/WaiHui.app/SeletedAlert.nib/objects-11.0+.nib
copying file ./Payload/WaiHui.app/SeletedAlert.nib/runtime.nib ... 
2019-02-26 06:13:07 +0000  2765 bytes for ./Payload/WaiHui.app/SeletedAlert.nib/runtime.nib
copying file ./Payload/WaiHui.app/AppIcon20x20@3x.png ... 
2019-02-26 06:13:07 +0000  1713 bytes for ./Payload/WaiHui.app/AppIcon20x20@3x.png
2019-02-26 06:13:07 +0000  copying file ./Payload/WaiHui.app/TableViewAlert.nib/objects-11.0+.nib ... 
2019-02-26 06:13:07 +0000  4125 bytes for ./Payload/WaiHui.app/TableViewAlert.nib/objects-11.0+.nib
copying file ./Payload/WaiHui.app/TableViewAlert.nib/runtime.nib ... 
2019-02-26 06:13:07 +0000  3589 bytes for ./Payload/WaiHui.app/TableViewAlert.nib/runtime.nib
2019-02-26 06:13:07 +0000  copying file ./Payload/WaiHui.app/BindEmailVC.nib/objects-11.0+.nib ... 
2019-02-26 06:13:07 +0000  4468 bytes for ./Payload/WaiHui.app/BindEmailVC.nib/objects-11.0+.nib
2019-02-26 06:13:07 +0000  copying file ./Payload/WaiHui.app/BindEmailVC.nib/runtime.nib ... 
2019-02-26 06:13:07 +0000  3690 bytes for ./Payload/WaiHui.app/BindEmailVC.nib/runtime.nib
2019-02-26 06:13:07 +0000  copying file ./Payload/WaiHui.app/SimulationCell.nib ... 
2019-02-26 06:13:07 +0000  9061 bytes for ./Payload/WaiHui.app/SimulationCell.nib
2019-02-26 06:13:07 +0000  copying file ./Payload/WaiHui.app/BindPhoneVC.nib/objects-11.0+.nib ... 
2019-02-26 06:13:07 +0000  4469 bytes for ./Payload/WaiHui.app/BindPhoneVC.nib/objects-11.0+.nib
copying file ./Payload/WaiHui.app/BindPhoneVC.nib/runtime.nib ... 
2019-02-26 06:13:07 +0000  3682 bytes for ./Payload/WaiHui.app/BindPhoneVC.nib/runtime.nib
2019-02-26 06:13:07 +0000  copying file ./Payload/WaiHui.app/LeverAdjustmentVC.nib/objects-11.0+.nib ... 
2727 bytes for ./Payload/WaiHui.app/LeverAdjustmentVC.nib/objects-11.0+.nib
2019-02-26 06:13:07 +0000  copying file ./Payload/WaiHui.app/LeverAdjustmentVC.nib/runtime.nib ... 
2019-02-26 06:13:07 +0000  2203 bytes for ./Payload/WaiHui.app/LeverAdjustmentVC.nib/runtime.nib
copying file ./Payload/WaiHui.app/ForgetPWPhoneVC.nib/objects-11.0+.nib ... 
2019-02-26 06:13:07 +0000  7835 bytes for ./Payload/WaiHui.app/ForgetPWPhoneVC.nib/objects-11.0+.nib
2019-02-26 06:13:07 +0000  copying file ./Payload/WaiHui.app/ForgetPWPhoneVC.nib/runtime.nib ... 
2019-02-26 06:13:07 +0000  7160 bytes for ./Payload/WaiHui.app/ForgetPWPhoneVC.nib/runtime.nib
2019-02-26 06:13:07 +0000  copying file ./Payload/WaiHui.app/ForgetPWEmailVC.nib/objects-11.0+.nib ... 
2019-02-26 06:13:07 +0000  7718 bytes for ./Payload/WaiHui.app/ForgetPWEmailVC.nib/objects-11.0+.nib
2019-02-26 06:13:07 +0000  copying file ./Payload/WaiHui.app/ForgetPWEmailVC.nib/runtime.nib ... 
2019-02-26 06:13:07 +0000  7056 bytes for ./Payload/WaiHui.app/ForgetPWEmailVC.nib/runtime.nib
2019-02-26 06:13:07 +0000  copying file ./Payload/WaiHui.app/SetVC.nib/objects-11.0+.nib ... 
2019-02-26 06:13:07 +0000  4528 bytes for ./Payload/WaiHui.app/SetVC.nib/objects-11.0+.nib
copying file ./Payload/WaiHui.app/SetVC.nib/runtime.nib ... 
2019-02-26 06:13:07 +0000  3746 bytes for ./Payload/WaiHui.app/SetVC.nib/runtime.nib
2019-02-26 06:13:07 +0000  copying file ./Payload/WaiHui.app/DetailQuotationVC.nib/objects-11.0+.nib ... 
2019-02-26 06:13:07 +0000  6320 bytes for ./Payload/WaiHui.app/DetailQuotationVC.nib/objects-11.0+.nib
copying file ./Payload/WaiHui.app/DetailQuotationVC.nib/runtime.nib ... 
2019-02-26 06:13:07 +0000  5629 bytes for ./Payload/WaiHui.app/DetailQuotationVC.nib/runtime.nib
2019-02-26 06:13:07 +0000  copying file ./Payload/WaiHui.app/ContactUsVC.nib/objects-11.0+.nib ... 
2019-02-26 06:13:07 +0000  2729 bytes for ./Payload/WaiHui.app/ContactUsVC.nib/objects-11.0+.nib
copying file ./Payload/WaiHui.app/ContactUsVC.nib/runtime.nib ... 
2019-02-26 06:13:07 +0000  2202 bytes for ./Payload/WaiHui.app/ContactUsVC.nib/runtime.nib
copying file ./Payload/WaiHui.app/MJRefresh.bundle/zh-Hans.lproj/Localizable.strings ... 
2019-02-26 06:13:07 +0000  1194 bytes for ./Payload/WaiHui.app/MJRefresh.bundle/zh-Hans.lproj/Localizable.strings
copying file ./Payload/WaiHui.app/MJRefresh.bundle/en.lproj/Localizable.strings ... 
2019-02-26 06:13:07 +0000  691 bytes for ./Payload/WaiHui.app/MJRefresh.bundle/en.lproj/Localizable.strings
copying file ./Payload/WaiHui.app/MJRefresh.bundle/arrow@2x.png ... 
2019-02-26 06:13:07 +0000  1033 bytes for ./Payload/WaiHui.app/MJRefresh.bundle/arrow@2x.png
copying file ./Payload/WaiHui.app/MJRefresh.bundle/zh-Hant.lproj/Localizable.strings ... 
2019-02-26 06:13:07 +0000  773 bytes for ./Payload/WaiHui.app/MJRefresh.bundle/zh-Hant.lproj/Localizable.strings
copying file ./Payload/WaiHui.app/QSearchVC.nib/objects-11.0+.nib ... 
2019-02-26 06:13:07 +0000  4562 bytes for ./Payload/WaiHui.app/QSearchVC.nib/objects-11.0+.nib
2019-02-26 06:13:07 +0000  copying file ./Payload/WaiHui.app/QSearchVC.nib/runtime.nib ... 
2019-02-26 06:13:07 +0000  4041 bytes for ./Payload/WaiHui.app/QSearchVC.nib/runtime.nib
copying file ./Payload/WaiHui.app/OptionalVC.nib/objects-11.0+.nib ... 
2019-02-26 06:13:07 +0000  4729 bytes for ./Payload/WaiHui.app/OptionalVC.nib/objects-11.0+.nib
copying file ./Payload/WaiHui.app/OptionalVC.nib/runtime.nib ... 
2019-02-26 06:13:07 +0000  3959 bytes for ./Payload/WaiHui.app/OptionalVC.nib/runtime.nib
2019-02-26 06:13:07 +0000  copying file ./Payload/WaiHui.app/FillNickNameVC.nib/objects-11.0+.nib ... 
2019-02-26 06:13:07 +0000  4465 bytes for ./Payload/WaiHui.app/FillNickNameVC.nib/objects-11.0+.nib
copying file ./Payload/WaiHui.app/FillNickNameVC.nib/runtime.nib ... 
2019-02-26 06:13:07 +0000  3685 bytes for ./Payload/WaiHui.app/FillNickNameVC.nib/runtime.nib
2019-02-26 06:13:07 +0000  copying file ./Payload/WaiHui.app/BankDetailVC.nib/objects-11.0+.nib ... 
2019-02-26 06:13:07 +0000  4468 bytes for ./Payload/WaiHui.app/BankDetailVC.nib/objects-11.0+.nib
2019-02-26 06:13:07 +0000  copying file ./Payload/WaiHui.app/BankDetailVC.nib/runtime.nib ... 
2019-02-26 06:13:07 +0000  3685 bytes for ./Payload/WaiHui.app/BankDetailVC.nib/runtime.nib
2019-02-26 06:13:07 +0000  copying file ./Payload/WaiHui.app/LotCountCell.nib ... 
2019-02-26 06:13:07 +0000  5649 bytes for ./Payload/WaiHui.app/LotCountCell.nib
copying file ./Payload/WaiHui.app/ChangeCell.nib ... 
2019-02-26 06:13:07 +0000  6458 bytes for ./Payload/WaiHui.app/ChangeCell.nib
2019-02-26 06:13:07 +0000  copying file ./Payload/WaiHui.app/ResetPWStartVC.nib/objects-11.0+.nib ... 
2019-02-26 06:13:07 +0000  4494 bytes for ./Payload/WaiHui.app/ResetPWStartVC.nib/objects-11.0+.nib
copying file ./Payload/WaiHui.app/ResetPWStartVC.nib/runtime.nib ... 
2019-02-26 06:13:07 +0000  3709 bytes for ./Payload/WaiHui.app/ResetPWStartVC.nib/runtime.nib
copying file ./Payload/WaiHui.app/AppIcon60x60@2x.png ... 
2019-02-26 06:13:07 +0000  3385 bytes for ./Payload/WaiHui.app/AppIcon60x60@2x.png
2019-02-26 06:13:07 +0000  copying file ./Payload/WaiHui.app/IQKeyboardManager.bundle/IQButtonBarArrowRight@2x.png ... 
1786 bytes for ./Payload/WaiHui.app/IQKeyboardManager.bundle/IQButtonBarArrowRight@2x.png
2019-02-26 06:13:07 +0000  copying file ./Payload/WaiHui.app/IQKeyboardManager.bundle/IQButtonBarArrowUp@3x.png ... 
2019-02-26 06:13:07 +0000  2164 bytes for ./Payload/WaiHui.app/IQKeyboardManager.bundle/IQButtonBarArrowUp@3x.png
copying file ./Payload/WaiHui.app/IQKeyboardManager.bundle/IQButtonBarArrowUp@2x.png ... 
2019-02-26 06:13:07 +0000  1769 bytes for ./Payload/WaiHui.app/IQKeyboardManager.bundle/IQButtonBarArrowUp@2x.png
copying file ./Payload/WaiHui.app/IQKeyboardManager.bundle/IQButtonBarArrowRight@3x.png ... 
2019-02-26 06:13:07 +0000  1844 bytes for ./Payload/WaiHui.app/IQKeyboardManager.bundle/IQButtonBarArrowRight@3x.png
copying file ./Payload/WaiHui.app/IQKeyboardManager.bundle/IQButtonBarArrowLeft@3x.png ... 
2019-02-26 06:13:07 +0000  1815 bytes for ./Payload/WaiHui.app/IQKeyboardManager.bundle/IQButtonBarArrowLeft@3x.png
2019-02-26 06:13:07 +0000  copying file ./Payload/WaiHui.app/IQKeyboardManager.bundle/IQButtonBarArrowDown@3x.png ... 
2177 bytes for ./Payload/WaiHui.app/IQKeyboardManager.bundle/IQButtonBarArrowDown@3x.png
2019-02-26 06:13:07 +0000  copying file ./Payload/WaiHui.app/IQKeyboardManager.bundle/IQButtonBarArrowDown@2x.png ... 
2019-02-26 06:13:07 +0000  1764 bytes for ./Payload/WaiHui.app/IQKeyboardManager.bundle/IQButtonBarArrowDown@2x.png
copying file ./Payload/WaiHui.app/IQKeyboardManager.bundle/IQButtonBarArrowLeft@2x.png ... 
2019-02-26 06:13:07 +0000  1793 bytes for ./Payload/WaiHui.app/IQKeyboardManager.bundle/IQButtonBarArrowLeft@2x.png
copying file ./Payload/WaiHui.app/BankMangerVC.nib/objects-11.0+.nib ... 
2019-02-26 06:13:07 +0000  2727 bytes for ./Payload/WaiHui.app/BankMangerVC.nib/objects-11.0+.nib
copying file ./Payload/WaiHui.app/BankMangerVC.nib/runtime.nib ... 
2019-02-26 06:13:07 +0000  2201 bytes for ./Payload/WaiHui.app/BankMangerVC.nib/runtime.nib
copying file ./Payload/WaiHui.app/ListVC.nib/objects-11.0+.nib ... 
2019-02-26 06:13:07 +0000  3256 bytes for ./Payload/WaiHui.app/ListVC.nib/objects-11.0+.nib
2019-02-26 06:13:07 +0000  copying file ./Payload/WaiHui.app/ListVC.nib/runtime.nib ... 
2019-02-26 06:13:07 +0000  2736 bytes for ./Payload/WaiHui.app/ListVC.nib/runtime.nib
2019-02-26 06:13:07 +0000  copying file ./Payload/WaiHui.app/WaiHui ... 
2019-02-26 06:13:08 +0000  10390336 bytes for ./Payload/WaiHui.app/WaiHui
2019-02-26 06:13:08 +0000  copying file ./Payload/WaiHui.app/SetLossVC.nib/objects-11.0+.nib ... 
4468 bytes for ./Payload/WaiHui.app/SetLossVC.nib/objects-11.0+.nib
copying file ./Payload/WaiHui.app/SetLossVC.nib/runtime.nib ... 
3689 bytes for ./Payload/WaiHui.app/SetLossVC.nib/runtime.nib
copying file ./Payload/WaiHui.app/AppIcon29x29@2x.png ... 
1736 bytes for ./Payload/WaiHui.app/AppIcon29x29@2x.png
copying file ./Payload/WaiHui.app/FillInInfoVC.nib/objects-11.0+.nib ... 
14508 bytes for ./Payload/WaiHui.app/FillInInfoVC.nib/objects-11.0+.nib
copying file ./Payload/WaiHui.app/FillInInfoVC.nib/runtime.nib ... 
2019-02-26 06:13:08 +0000  13840 bytes for ./Payload/WaiHui.app/FillInInfoVC.nib/runtime.nib
2019-02-26 06:13:08 +0000  copying file ./Payload/WaiHui.app/MySeletedCell.nib ... 
2019-02-26 06:13:08 +0000  2946 bytes for ./Payload/WaiHui.app/MySeletedCell.nib
copying file ./Payload/WaiHui.app/LoginEmailVC.nib/objects-11.0+.nib ... 
2019-02-26 06:13:08 +0000  10101 bytes for ./Payload/WaiHui.app/LoginEmailVC.nib/objects-11.0+.nib
2019-02-26 06:13:08 +0000  copying file ./Payload/WaiHui.app/LoginEmailVC.nib/runtime.nib ... 
2019-02-26 06:13:08 +0000  9488 bytes for ./Payload/WaiHui.app/LoginEmailVC.nib/runtime.nib
2019-02-26 06:13:08 +0000  copying file ./Payload/WaiHui.app/CashTextFieldCell.nib ... 
2019-02-26 06:13:08 +0000  3986 bytes for ./Payload/WaiHui.app/CashTextFieldCell.nib
copying file ./Payload/WaiHui.app/LoginphoneVC.nib/objects-11.0+.nib ... 
2019-02-26 06:13:08 +0000  10222 bytes for ./Payload/WaiHui.app/LoginphoneVC.nib/objects-11.0+.nib
2019-02-26 06:13:08 +0000  copying file ./Payload/WaiHui.app/LoginphoneVC.nib/runtime.nib ... 
2019-02-26 06:13:08 +0000  9556 bytes for ./Payload/WaiHui.app/LoginphoneVC.nib/runtime.nib
2019-02-26 06:13:08 +0000  copying file ./Payload/WaiHui.app/TermoCell.nib ... 
2019-02-26 06:13:08 +0000  3469 bytes for ./Payload/WaiHui.app/TermoCell.nib
copying file ./Payload/WaiHui.app/BankCell.nib ... 
2019-02-26 06:13:08 +0000  4181 bytes for ./Payload/WaiHui.app/BankCell.nib
copying file ./Payload/WaiHui.app/AppIcon40x40@3x.png ... 
2019-02-26 06:13:08 +0000  3385 bytes for ./Payload/WaiHui.app/AppIcon40x40@3x.png
copying file ./Payload/WaiHui.app/addr.json ... 
2019-02-26 06:13:08 +0000  310984 bytes for ./Payload/WaiHui.app/addr.json
2019-02-26 06:13:08 +0000  copying file ./Payload/WaiHui.app/ContractualCell.nib ... 
3528 bytes for ./Payload/WaiHui.app/ContractualCell.nib
copying file ./Payload/WaiHui.app/AppIcon40x40@2x.png ... 
2019-02-26 06:13:08 +0000  2410 bytes for ./Payload/WaiHui.app/AppIcon40x40@2x.png
copying file ./Payload/WaiHui.app/SuccessOrderVC.nib/objects-11.0+.nib ... 
2019-02-26 06:13:08 +0000  9573 bytes for ./Payload/WaiHui.app/SuccessOrderVC.nib/objects-11.0+.nib
2019-02-26 06:13:08 +0000  copying file ./Payload/WaiHui.app/SuccessOrderVC.nib/runtime.nib ... 
2019-02-26 06:13:08 +0000  8257 bytes for ./Payload/WaiHui.app/SuccessOrderVC.nib/runtime.nib
2019-02-26 06:13:08 +0000  copying file ./Payload/WaiHui.app/TransactionVC.nib ... 
2019-02-26 06:13:08 +0000  9084 bytes for ./Payload/WaiHui.app/TransactionVC.nib
2019-02-26 06:13:08 +0000  copying file ./Payload/WaiHui.app/MoreAlert.nib/objects-11.0+.nib ... 
2019-02-26 06:13:08 +0000  4508 bytes for ./Payload/WaiHui.app/MoreAlert.nib/objects-11.0+.nib
copying file ./Payload/WaiHui.app/MoreAlert.nib/runtime.nib ... 
2019-02-26 06:13:08 +0000  3840 bytes for ./Payload/WaiHui.app/MoreAlert.nib/runtime.nib
copying file ./Payload/WaiHui.app/QSearchTwoCell.nib ... 
2019-02-26 06:13:08 +0000  3608 bytes for ./Payload/WaiHui.app/QSearchTwoCell.nib
copying file ./Payload/WaiHui.app/OffsetAlert.nib/objects-11.0+.nib ... 
2019-02-26 06:13:08 +0000  5629 bytes for ./Payload/WaiHui.app/OffsetAlert.nib/objects-11.0+.nib
2019-02-26 06:13:08 +0000  copying file ./Payload/WaiHui.app/OffsetAlert.nib/runtime.nib ... 
2019-02-26 06:13:08 +0000  4963 bytes for ./Payload/WaiHui.app/OffsetAlert.nib/runtime.nib
copying file ./Payload/WaiHui.app/AddBankVC.nib/objects-11.0+.nib ... 
2019-02-26 06:13:08 +0000  5833 bytes for ./Payload/WaiHui.app/AddBankVC.nib/objects-11.0+.nib
copying file ./Payload/WaiHui.app/AddBankVC.nib/runtime.nib ... 
2019-02-26 06:13:08 +0000  4813 bytes for ./Payload/WaiHui.app/AddBankVC.nib/runtime.nib
2019-02-26 06:13:08 +0000  copying file ./Payload/WaiHui.app/AppIcon29x29@3x.png ... 
2607 bytes for ./Payload/WaiHui.app/AppIcon29x29@3x.png
copying file ./Payload/WaiHui.app/TermofvalidityAlert.nib/objects-11.0+.nib ... 
2019-02-26 06:13:08 +0000  4249 bytes for ./Payload/WaiHui.app/TermofvalidityAlert.nib/objects-11.0+.nib
2019-02-26 06:13:08 +0000  copying file ./Payload/WaiHui.app/TermofvalidityAlert.nib/runtime.nib ... 
2019-02-26 06:13:08 +0000  3714 bytes for ./Payload/WaiHui.app/TermofvalidityAlert.nib/runtime.nib
2019-02-26 06:13:08 +0000  copying file ./Payload/WaiHui.app/CashRateCell.nib ... 
2019-02-26 06:13:08 +0000  4300 bytes for ./Payload/WaiHui.app/CashRateCell.nib
2019-02-26 06:13:08 +0000  copying file ./Payload/WaiHui.app/ResetCell.nib ... 
2019-02-26 06:13:08 +0000  3616 bytes for ./Payload/WaiHui.app/ResetCell.nib
copying file ./Payload/WaiHui.app/AppIcon60x60@3x.png ... 
2019-02-26 06:13:08 +0000  4875 bytes for ./Payload/WaiHui.app/AppIcon60x60@3x.png
2019-02-26 06:13:08 +0000  copying file ./Payload/WaiHui.app/Base.lproj/Main.storyboardc/UIViewController-BYZ-38-t0r.nib ... 
832 bytes for ./Payload/WaiHui.app/Base.lproj/Main.storyboardc/UIViewController-BYZ-38-t0r.nib
copying file ./Payload/WaiHui.app/Base.lproj/Main.storyboardc/BYZ-38-t0r-view-8bC-Xf-vdC.nib ... 
2019-02-26 06:13:08 +0000  1985 bytes for ./Payload/WaiHui.app/Base.lproj/Main.storyboardc/BYZ-38-t0r-view-8bC-Xf-vdC.nib
2019-02-26 06:13:08 +0000  copying file ./Payload/WaiHui.app/Base.lproj/Main.storyboardc/Info.plist ... 
258 bytes for ./Payload/WaiHui.app/Base.lproj/Main.storyboardc/Info.plist
2019-02-26 06:13:08 +0000  copying file ./Payload/WaiHui.app/Base.lproj/LaunchScreen.storyboardc/01J-lp-oVM-view-Ze5-6b-2t3.nib ... 
2019-02-26 06:13:08 +0000  1985 bytes for ./Payload/WaiHui.app/Base.lproj/LaunchScreen.storyboardc/01J-lp-oVM-view-Ze5-6b-2t3.nib
copying file ./Payload/WaiHui.app/Base.lproj/LaunchScreen.storyboardc/UIViewController-01J-lp-oVM.nib ... 
2019-02-26 06:13:08 +0000  832 bytes for ./Payload/WaiHui.app/Base.lproj/LaunchScreen.storyboardc/UIViewController-01J-lp-oVM.nib
copying file ./Payload/WaiHui.app/Base.lproj/LaunchScreen.storyboardc/Info.plist ... 
258 bytes for ./Payload/WaiHui.app/Base.lproj/LaunchScreen.storyboardc/Info.plist
2019-02-26 06:13:08 +0000  copying file ./Payload/WaiHui.app/ResetPassWordVC.nib/objects-11.0+.nib ... 
4471 bytes for ./Payload/WaiHui.app/ResetPassWordVC.nib/objects-11.0+.nib
copying file ./Payload/WaiHui.app/ResetPassWordVC.nib/runtime.nib ... 
2019-02-26 06:13:08 +0000  3683 bytes for ./Payload/WaiHui.app/ResetPassWordVC.nib/runtime.nib
2019-02-26 06:13:08 +0000  copying file ./Payload/WaiHui.app/RegistEmailVC.nib/objects-11.0+.nib ... 
2019-02-26 06:13:08 +0000  12748 bytes for ./Payload/WaiHui.app/RegistEmailVC.nib/objects-11.0+.nib
2019-02-26 06:13:08 +0000  copying file ./Payload/WaiHui.app/RegistEmailVC.nib/runtime.nib ... 
2019-02-26 06:13:08 +0000  12087 bytes for ./Payload/WaiHui.app/RegistEmailVC.nib/runtime.nib
2019-02-26 06:13:08 +0000  copying file ./Payload/WaiHui.app/RegistPhoneVC.nib/objects-11.0+.nib ... 
2019-02-26 06:13:08 +0000  13216 bytes for ./Payload/WaiHui.app/RegistPhoneVC.nib/objects-11.0+.nib
copying file ./Payload/WaiHui.app/RegistPhoneVC.nib/runtime.nib ... 
2019-02-26 06:13:08 +0000  12550 bytes for ./Payload/WaiHui.app/RegistPhoneVC.nib/runtime.nib
2019-02-26 06:13:08 +0000  copying file ./Payload/WaiHui.app/RealNameCardVC.nib/objects-11.0+.nib ... 
2019-02-26 06:13:08 +0000  8131 bytes for ./Payload/WaiHui.app/RealNameCardVC.nib/objects-11.0+.nib
2019-02-26 06:13:08 +0000  copying file ./Payload/WaiHui.app/RealNameCardVC.nib/runtime.nib ... 
2019-02-26 06:13:08 +0000  7469 bytes for ./Payload/WaiHui.app/RealNameCardVC.nib/runtime.nib
2019-02-26 06:13:08 +0000  copying file ./Payload/WaiHui.app/MyVC.nib/objects-11.0+.nib ... 
2019-02-26 06:13:08 +0000  8250 bytes for ./Payload/WaiHui.app/MyVC.nib/objects-11.0+.nib
2019-02-26 06:13:08 +0000  copying file ./Payload/WaiHui.app/MyVC.nib/runtime.nib ... 
2019-02-26 06:13:08 +0000  7469 bytes for ./Payload/WaiHui.app/MyVC.nib/runtime.nib
2019-02-26 06:13:08 +0000  copying file ./Payload/WaiHui.app/CashListVC.nib/objects-11.0+.nib ... 
2019-02-26 06:13:08 +0000  7057 bytes for ./Payload/WaiHui.app/CashListVC.nib/objects-11.0+.nib
2019-02-26 06:13:08 +0000  copying file ./Payload/WaiHui.app/CashListVC.nib/runtime.nib ... 
2019-02-26 06:13:08 +0000  6284 bytes for ./Payload/WaiHui.app/CashListVC.nib/runtime.nib
copying file ./Payload/WaiHui.app/ListCell.nib ... 
2019-02-26 06:13:08 +0000  8439 bytes for ./Payload/WaiHui.app/ListCell.nib
2019-02-26 06:13:08 +0000  copying file ./Payload/WaiHui.app/QuotationListVC.nib/objects-11.0+.nib ... 
4788 bytes for ./Payload/WaiHui.app/QuotationListVC.nib/objects-11.0+.nib
2019-02-26 06:13:08 +0000  copying file ./Payload/WaiHui.app/QuotationListVC.nib/runtime.nib ... 
2019-02-26 06:13:08 +0000  4004 bytes for ./Payload/WaiHui.app/QuotationListVC.nib/runtime.nib
copying file ./Payload/WaiHui.app/Assets.car ... 
2019-02-26 06:13:08 +0000  378376 bytes for ./Payload/WaiHui.app/Assets.car
2019-02-26 06:13:08 +0000  copying file ./Payload/WaiHui.app/QuickTransactionAlert.nib/objects-11.0+.nib ... 
2019-02-26 06:13:08 +0000  7270 bytes for ./Payload/WaiHui.app/QuickTransactionAlert.nib/objects-11.0+.nib
copying file ./Payload/WaiHui.app/QuickTransactionAlert.nib/runtime.nib ... 
2019-02-26 06:13:08 +0000  6610 bytes for ./Payload/WaiHui.app/QuickTransactionAlert.nib/runtime.nib
2019-02-26 06:13:08 +0000  copying file ./Payload/WaiHui.app/CXSearchCollectionViewCell.nib ... 
2019-02-26 06:13:08 +0000  3800 bytes for ./Payload/WaiHui.app/CXSearchCollectionViewCell.nib
copying file ./Payload/WaiHui.app/SafeMangerVC.nib/objects-11.0+.nib ... 
2019-02-26 06:13:08 +0000  2729 bytes for ./Payload/WaiHui.app/SafeMangerVC.nib/objects-11.0+.nib
copying file ./Payload/WaiHui.app/SafeMangerVC.nib/runtime.nib ... 
2019-02-26 06:13:08 +0000  2201 bytes for ./Payload/WaiHui.app/SafeMangerVC.nib/runtime.nib
copying file ./Payload/WaiHui.app/RealNameVC.nib/objects-11.0+.nib ... 
2019-02-26 06:13:08 +0000  8237 bytes for ./Payload/WaiHui.app/RealNameVC.nib/objects-11.0+.nib
copying file ./Payload/WaiHui.app/RealNameVC.nib/runtime.nib ... 
2019-02-26 06:13:08 +0000  7560 bytes for ./Payload/WaiHui.app/RealNameVC.nib/runtime.nib
2019-02-26 06:13:08 +0000  copying file ./Payload/WaiHui.app/TraniceTypeCell.nib ... 
2019-02-26 06:13:08 +0000  3733 bytes for ./Payload/WaiHui.app/TraniceTypeCell.nib
copying file ./Payload/WaiHui.app/AddMt4VC.nib/objects-11.0+.nib ... 
2019-02-26 06:13:08 +0000  4061 bytes for ./Payload/WaiHui.app/AddMt4VC.nib/objects-11.0+.nib
copying file ./Payload/WaiHui.app/AddMt4VC.nib/runtime.nib ... 
2019-02-26 06:13:08 +0000  3524 bytes for ./Payload/WaiHui.app/AddMt4VC.nib/runtime.nib
2019-02-26 06:13:08 +0000  copying file ./Payload/WaiHui.app/SetVCAlert.nib/objects-11.0+.nib ... 
2019-02-26 06:13:08 +0000  5077 bytes for ./Payload/WaiHui.app/SetVCAlert.nib/objects-11.0+.nib
copying file ./Payload/WaiHui.app/SetVCAlert.nib/runtime.nib ... 
2019-02-26 06:13:08 +0000  4415 bytes for ./Payload/WaiHui.app/SetVCAlert.nib/runtime.nib
copying file ./Payload/WaiHui.app/QuoTationListCell.nib ... 
2019-02-26 06:13:08 +0000  4631 bytes for ./Payload/WaiHui.app/QuoTationListCell.nib
copying file ./Payload/WaiHui.app/CodeCell.nib ... 
2019-02-26 06:13:08 +0000  4250 bytes for ./Payload/WaiHui.app/CodeCell.nib
2019-02-26 06:13:08 +0000  copying file ./Payload/WaiHui.app/TransactionResultVC.nib/objects-11.0+.nib ... 
2019-02-26 06:13:08 +0000  11210 bytes for ./Payload/WaiHui.app/TransactionResultVC.nib/objects-11.0+.nib
copying file ./Payload/WaiHui.app/TransactionResultVC.nib/runtime.nib ... 
2019-02-26 06:13:08 +0000  9895 bytes for ./Payload/WaiHui.app/TransactionResultVC.nib/runtime.nib
2019-02-26 06:13:08 +0000  copying file ./Payload/WaiHui.app/AccountCell.nib ... 
2019-02-26 06:13:08 +0000  9014 bytes for ./Payload/WaiHui.app/AccountCell.nib
copying file ./Payload/WaiHui.app/NotHisCell.nib ... 
2019-02-26 06:13:08 +0000  3015 bytes for ./Payload/WaiHui.app/NotHisCell.nib
2019-02-26 06:13:08 +0000  copying file ./Payload/WaiHui.app/BaseViewController.nib/objects-11.0+.nib ... 
2019-02-26 06:13:08 +0000  4094 bytes for ./Payload/WaiHui.app/BaseViewController.nib/objects-11.0+.nib
copying file ./Payload/WaiHui.app/BaseViewController.nib/runtime.nib ... 
2019-02-26 06:13:08 +0000  3179 bytes for ./Payload/WaiHui.app/BaseViewController.nib/runtime.nib
copying file ./Payload/WaiHui.app/AccountManagerVC.nib/objects-11.0+.nib ... 
2019-02-26 06:13:08 +0000  4182 bytes for ./Payload/WaiHui.app/AccountManagerVC.nib/objects-11.0+.nib
2019-02-26 06:13:08 +0000  copying file ./Payload/WaiHui.app/AccountManagerVC.nib/runtime.nib ... 
2019-02-26 06:13:08 +0000  3650 bytes for ./Payload/WaiHui.app/AccountManagerVC.nib/runtime.nib
copying file ./Payload/WaiHui.app/PhoneCell.nib ... 
2019-02-26 06:13:08 +0000  4267 bytes for ./Payload/WaiHui.app/PhoneCell.nib
copying file ./Payload/WaiHui.app/OpenAccountCell.nib ... 
2019-02-26 06:13:08 +0000  5823 bytes for ./Payload/WaiHui.app/OpenAccountCell.nib
copying file ./Payload/WaiHui.app/PriceOneCell.nib ... 
2019-02-26 06:13:08 +0000  5637 bytes for ./Payload/WaiHui.app/PriceOneCell.nib
2019-02-26 06:13:08 +0000  copying file ./Payload/WaiHui.app/ForgetPwPhoneNextVC.nib/objects-11.0+.nib ... 
2019-02-26 06:13:08 +0000  8717 bytes for ./Payload/WaiHui.app/ForgetPwPhoneNextVC.nib/objects-11.0+.nib
2019-02-26 06:13:08 +0000  copying file ./Payload/WaiHui.app/ForgetPwPhoneNextVC.nib/runtime.nib ... 
2019-02-26 06:13:08 +0000  8048 bytes for ./Payload/WaiHui.app/ForgetPwPhoneNextVC.nib/runtime.nib
2019-02-26 06:13:08 +0000  copying file ./Payload/WaiHui.app/CheDanAlert.nib/objects-11.0+.nib ... 
2019-02-26 06:13:08 +0000  5832 bytes for ./Payload/WaiHui.app/CheDanAlert.nib/objects-11.0+.nib
2019-02-26 06:13:08 +0000  copying file ./Payload/WaiHui.app/CheDanAlert.nib/runtime.nib ... 
2019-02-26 06:13:08 +0000  5160 bytes for ./Payload/WaiHui.app/CheDanAlert.nib/runtime.nib
copying file ./Payload/WaiHui.app/ClosePositionDetailVC.nib/objects-11.0+.nib ... 
2019-02-26 06:13:08 +0000  4471 bytes for ./Payload/WaiHui.app/ClosePositionDetailVC.nib/objects-11.0+.nib
2019-02-26 06:13:08 +0000  copying file ./Payload/WaiHui.app/ClosePositionDetailVC.nib/runtime.nib ... 
3688 bytes for ./Payload/WaiHui.app/ClosePositionDetailVC.nib/runtime.nib
2019-02-26 06:13:08 +0000  copying file ./Payload/WaiHui.app/MCClose@2x.png ... 
2019-02-26 06:13:08 +0000  1657 bytes for ./Payload/WaiHui.app/MCClose@2x.png
copying file ./Payload/WaiHui.app/MyTipAlert.nib/objects-11.0+.nib ... 
2019-02-26 06:13:08 +0000  4529 bytes for ./Payload/WaiHui.app/MyTipAlert.nib/objects-11.0+.nib
copying file ./Payload/WaiHui.app/MyTipAlert.nib/runtime.nib ... 
2019-02-26 06:13:08 +0000  3862 bytes for ./Payload/WaiHui.app/MyTipAlert.nib/runtime.nib
2019-02-26 06:13:08 +0000  copying file ./Payload/WaiHui.app/ValueOneCell.nib ... 
2019-02-26 06:13:08 +0000  3328 bytes for ./Payload/WaiHui.app/ValueOneCell.nib
copying file ./Payload/WaiHui.app/CashInOrOutVC.nib ... 
2019-02-26 06:13:08 +0000  974 bytes for ./Payload/WaiHui.app/CashInOrOutVC.nib
copying file ./Payload/WaiHui.app/embedded.mobileprovision ... 
2019-02-26 06:13:08 +0000  7741 bytes for ./Payload/WaiHui.app/embedded.mobileprovision
copying file ./Payload/WaiHui.app/RegistSuccessVC.nib/objects-11.0+.nib ... 
2019-02-26 06:13:08 +0000  5809 bytes for ./Payload/WaiHui.app/RegistSuccessVC.nib/objects-11.0+.nib
2019-02-26 06:13:08 +0000  copying file ./Payload/WaiHui.app/RegistSuccessVC.nib/runtime.nib ... 
2019-02-26 06:13:08 +0000  5144 bytes for ./Payload/WaiHui.app/RegistSuccessVC.nib/runtime.nib
copying file ./Payload/WaiHui.app/SVProgressHUD.bundle/info.png ... 
2019-02-26 06:13:08 +0000  365 bytes for ./Payload/WaiHui.app/SVProgressHUD.bundle/info.png
copying file ./Payload/WaiHui.app/SVProgressHUD.bundle/error@3x.png ... 
2019-02-26 06:13:08 +0000  398 bytes for ./Payload/WaiHui.app/SVProgressHUD.bundle/error@3x.png
copying file ./Payload/WaiHui.app/SVProgressHUD.bundle/angle-mask@3x.png ... 
2019-02-26 06:13:08 +0000  8319 bytes for ./Payload/WaiHui.app/SVProgressHUD.bundle/angle-mask@3x.png
copying file ./Payload/WaiHui.app/SVProgressHUD.bundle/angle-mask@2x.png ... 
2019-02-26 06:13:08 +0000  4893 bytes for ./Payload/WaiHui.app/SVProgressHUD.bundle/angle-mask@2x.png
copying file ./Payload/WaiHui.app/SVProgressHUD.bundle/error@2x.png ... 
2019-02-26 06:13:08 +0000  306 bytes for ./Payload/WaiHui.app/SVProgressHUD.bundle/error@2x.png
copying file ./Payload/WaiHui.app/SVProgressHUD.bundle/info@3x.png ... 
2019-02-26 06:13:08 +0000  1200 bytes for ./Payload/WaiHui.app/SVProgressHUD.bundle/info@3x.png
copying file ./Payload/WaiHui.app/SVProgressHUD.bundle/success@2x.png ... 
2019-02-26 06:13:08 +0000  462 bytes for ./Payload/WaiHui.app/SVProgressHUD.bundle/success@2x.png
copying file ./Payload/WaiHui.app/SVProgressHUD.bundle/success@3x.png ... 
714 bytes for ./Payload/WaiHui.app/SVProgressHUD.bundle/success@3x.png
2019-02-26 06:13:08 +0000  copying file ./Payload/WaiHui.app/SVProgressHUD.bundle/info@2x.png ... 
816 bytes for ./Payload/WaiHui.app/SVProgressHUD.bundle/info@2x.png
copying file ./Payload/WaiHui.app/SVProgressHUD.bundle/error.png ... 
2019-02-26 06:13:08 +0000  184 bytes for ./Payload/WaiHui.app/SVProgressHUD.bundle/error.png
copying file ./Payload/WaiHui.app/SVProgressHUD.bundle/success.png ... 
262 bytes for ./Payload/WaiHui.app/SVProgressHUD.bundle/success.png
copying file ./Payload/WaiHui.app/SVProgressHUD.bundle/angle-mask.png ... 
2019-02-26 06:13:08 +0000  1845 bytes for ./Payload/WaiHui.app/SVProgressHUD.bundle/angle-mask.png
2019-02-26 06:13:08 +0000  copying file ./Payload/WaiHui.app/HoldPositionsVC.nib/objects-11.0+.nib ... 
2019-02-26 06:13:08 +0000  3101 bytes for ./Payload/WaiHui.app/HoldPositionsVC.nib/objects-11.0+.nib
copying file ./Payload/WaiHui.app/HoldPositionsVC.nib/runtime.nib ... 
2019-02-26 06:13:08 +0000  2573 bytes for ./Payload/WaiHui.app/HoldPositionsVC.nib/runtime.nib
copying file ./Payload/WaiHui.app/ClosPostionCell.nib ... 
2019-02-26 06:13:08 +0000  4775 bytes for ./Payload/WaiHui.app/ClosPostionCell.nib
2019-02-26 06:13:08 +0000  copying file ./Payload/WaiHui.app/Mt4LoginAlert.nib/objects-11.0+.nib ... 
2019-02-26 06:13:08 +0000  6609 bytes for ./Payload/WaiHui.app/Mt4LoginAlert.nib/objects-11.0+.nib
2019-02-26 06:13:08 +0000  copying file ./Payload/WaiHui.app/Mt4LoginAlert.nib/runtime.nib ... 
2019-02-26 06:13:08 +0000  5954 bytes for ./Payload/WaiHui.app/Mt4LoginAlert.nib/runtime.nib
2019-02-26 06:13:08 +0000  copying file ./Payload/WaiHui.app/RealOrBankVC.nib/objects-11.0+.nib ... 
2019-02-26 06:13:08 +0000  5350 bytes for ./Payload/WaiHui.app/RealOrBankVC.nib/objects-11.0+.nib
2019-02-26 06:13:08 +0000  copying file ./Payload/WaiHui.app/RealOrBankVC.nib/runtime.nib ... 
2019-02-26 06:13:08 +0000  4687 bytes for ./Payload/WaiHui.app/RealOrBankVC.nib/runtime.nib
copying file ./Payload/WaiHui.app/NetLodingCell.nib ... 
2019-02-26 06:13:08 +0000  2428 bytes for ./Payload/WaiHui.app/NetLodingCell.nib
copying file ./Payload/WaiHui.app/HoldCell.nib ... 
2019-02-26 06:13:08 +0000  8936 bytes for ./Payload/WaiHui.app/HoldCell.nib
2019-02-26 06:13:08 +0000  copying file ./Payload/WaiHui.app/CashToast.nib/objects-11.0+.nib ... 
2019-02-26 06:13:08 +0000  3697 bytes for ./Payload/WaiHui.app/CashToast.nib/objects-11.0+.nib
copying file ./Payload/WaiHui.app/CashToast.nib/runtime.nib ... 
2019-02-26 06:13:08 +0000  3030 bytes for ./Payload/WaiHui.app/CashToast.nib/runtime.nib
copying file ./Payload/WaiHui.app/Info.plist ... 
2019-02-26 06:13:08 +0000  1601 bytes for ./Payload/WaiHui.app/Info.plist
copying file ./Payload/WaiHui.app/CashInVC.nib/objects-11.0+.nib ... 
2019-02-26 06:13:08 +0000  5463 bytes for ./Payload/WaiHui.app/CashInVC.nib/objects-11.0+.nib
2019-02-26 06:13:08 +0000  copying file ./Payload/WaiHui.app/CashInVC.nib/runtime.nib ... 
2019-02-26 06:13:08 +0000  4680 bytes for ./Payload/WaiHui.app/CashInVC.nib/runtime.nib
copying file ./Payload/WaiHui.app/QuotationVC.nib ... 
2019-02-26 06:13:08 +0000  974 bytes for ./Payload/WaiHui.app/QuotationVC.nib
copying file ./Payload/WaiHui.app/CloseCell.nib ... 
2019-02-26 06:13:08 +0000  6404 bytes for ./Payload/WaiHui.app/CloseCell.nib
2019-02-26 06:13:08 +0000  copying file ./Payload/WaiHui.app/QSearchTCell.nib ... 
2019-02-26 06:13:08 +0000  4197 bytes for ./Payload/WaiHui.app/QSearchTCell.nib
copying file ./Payload/WaiHui.app/PkgInfo ... 
8 bytes for ./Payload/WaiHui.app/PkgInfo
copying file ./Payload/WaiHui.app/SucessAddMt4VC.nib/objects-11.0+.nib ... 
2019-02-26 06:13:08 +0000  8802 bytes for ./Payload/WaiHui.app/SucessAddMt4VC.nib/objects-11.0+.nib
2019-02-26 06:13:08 +0000  copying file ./Payload/WaiHui.app/SucessAddMt4VC.nib/runtime.nib ... 
2019-02-26 06:13:08 +0000  7493 bytes for ./Payload/WaiHui.app/SucessAddMt4VC.nib/runtime.nib
2019-02-26 06:13:08 +0000  copying file ./Payload/WaiHui.app/ChangeOrderVC.nib/objects-11.0+.nib ... 
2019-02-26 06:13:08 +0000  5559 bytes for ./Payload/WaiHui.app/ChangeOrderVC.nib/objects-11.0+.nib
copying file ./Payload/WaiHui.app/ChangeOrderVC.nib/runtime.nib ... 
2019-02-26 06:13:08 +0000  4776 bytes for ./Payload/WaiHui.app/ChangeOrderVC.nib/runtime.nib
2019-02-26 06:13:08 +0000 [MT] /usr/bin/ditto exited with 0
2019-02-26 06:13:08 +0000 [MT] Processing step: IDEDistributionAppStoreInformationStep
2019-02-26 06:13:08 +0000 [MT] Skipping step: IDEDistributionAppStoreInformationStep because it said so
2019-02-26 06:13:08 +0000 [MT] Processing step: IDEDistributionCreateManifestStep
